2024-10-10 12:12:00,090 - DEBUG - Starting new HTTPS connection (1): openapi.twse.com.tw:443
2024-10-10 12:12:00,166 - DEBUG - https://openapi.twse.com.tw:443 "GET /v1/exchangeReport/STOCK_DAY_ALL HTTP/1.1" 200 None
2024-10-10 12:12:00,208 - DEBUG - 查詢股票的 開始日期: 2019-10-31, 結束: 2024-10-31
2024-10-10 12:12:00,209 - DEBUG - Entering download()
2024-10-10 12:12:00,209 - DEBUG - Disabling multithreading because DEBUG logging enabled
2024-10-10 12:12:00,210 - DEBUG -  Entering history()
2024-10-10 12:12:00,214 - DEBUG - ('CREATE TABLE IF NOT EXISTS "_kv" ("key" VARCHAR(255) NOT NULL PRIMARY KEY, "value" VARCHAR(255)) WITHOUT ROWID', [])
2024-10-10 12:12:00,215 - DEBUG - ('SELECT "t1"."key", "t1"."value" FROM "_kv" AS "t1" WHERE ("t1"."key" = ?) LIMIT ? OFFSET ?', ['1101.TW', 1, 0])
2024-10-10 12:12:00,247 - DEBUG -   Entering history()
2024-10-10 12:12:00,248 - DEBUG - 1101.TW: Yahoo GET parameters: {'period1': '2019-10-31 00:00:00+08:00', 'period2': '2024-10-31 00:00:00+08:00', 'interval': '1d', 'includePrePost': False, 'events': 'div,splits,capitalGains'}
2024-10-10 12:12:00,249 - DEBUG -    Entering get()
2024-10-10 12:12:00,249 - DEBUG - url=https://query2.finance.yahoo.com/v8/finance/chart/1101.TW
2024-10-10 12:12:00,249 - DEBUG - params={'period1': 1572451200, 'period2': 1730304000, 'interval': '1d', 'includePrePost': False, 'events': 'div,splits,capitalGains'}
2024-10-10 12:12:00,249 - DEBUG -     Entering _get_cookie_and_crumb()
2024-10-10 12:12:00,249 - DEBUG - cookie_mode = 'basic'
2024-10-10 12:12:00,249 - DEBUG -      Entering _get_cookie_and_crumb_basic()
2024-10-10 12:12:00,250 - DEBUG - ('CREATE TABLE IF NOT EXISTS "_cookieschema" ("strategy" VARCHAR(255) NOT NULL PRIMARY KEY, "fetch_date" DATETIME NOT NULL, "cookie_bytes" BLOB NOT NULL) WITHOUT ROWID', [])
2024-10-10 12:12:00,251 - DEBUG - ('SELECT "t1"."strategy", "t1"."fetch_date", "t1"."cookie_bytes" FROM "_cookieschema" AS "t1" WHERE ("t1"."strategy" = ?) LIMIT ? OFFSET ?', ['basic', 1, 0])
2024-10-10 12:12:00,251 - DEBUG - loaded persistent cookie
2024-10-10 12:12:00,251 - DEBUG - reusing cookie
2024-10-10 12:12:00,320 - DEBUG - Starting new HTTPS connection (1): query1.finance.yahoo.com:443
2024-10-10 12:12:00,410 - DEBUG - https://query1.finance.yahoo.com:443 "GET /v1/test/getcrumb HTTP/1.1" 200 11
2024-10-10 12:12:00,411 - DEBUG - crumb = 'Ejo3F9A.gdh'
2024-10-10 12:12:00,411 - DEBUG -      Exiting _get_cookie_and_crumb_basic()
2024-10-10 12:12:00,412 - DEBUG -     Exiting _get_cookie_and_crumb()
2024-10-10 12:12:00,499 - DEBUG - Starting new HTTPS connection (1): query2.finance.yahoo.com:443
2024-10-10 12:12:00,640 - DEBUG - https://query2.finance.yahoo.com:443 "GET /v8/finance/chart/1101.TW?period1=1572451200&period2=1730304000&interval=1d&includePrePost=False&events=div%2Csplits%2CcapitalGains&crumb=Ejo3F9A.gdh HTTP/1.1" 200 None
2024-10-10 12:12:00,694 - DEBUG - response code=200
2024-10-10 12:12:00,695 - DEBUG -    Exiting get()
2024-10-10 12:12:00,711 - DEBUG - 1101.TW: yfinance received OHLC data: 2019-10-31 01:00:00 -> 2024-10-09 01:00:00
2024-10-10 12:12:00,714 - DEBUG - 1101.TW: OHLC after cleaning: 2019-10-31 09:00:00+08:00 -> 2024-10-09 09:00:00+08:00
2024-10-10 12:12:00,745 - DEBUG - 1101.TW: OHLC after combining events: 2019-10-31 00:00:00+08:00 -> 2024-10-09 00:00:00+08:00
2024-10-10 12:12:00,751 - DEBUG - 1101.TW: yfinance returning OHLC: 2019-10-31 00:00:00+08:00 -> 2024-10-09 00:00:00+08:00
2024-10-10 12:12:00,751 - DEBUG -   Exiting history()
2024-10-10 12:12:00,751 - DEBUG -  Exiting history()
2024-10-10 12:12:00,752 - DEBUG - Exiting download()
2024-10-10 12:12:00,752 - DEBUG - 查詢股票的 開始日期: 2019-10-31, 結束: 2024-10-31
2024-10-10 12:12:00,754 - DEBUG -               5MA    10MA       60MA
Date                                
2024-10-08  33.57  32.895  33.263333
2024-10-09  33.30  32.920  33.240000
2024-10-10 12:12:00,769 - DEBUG - 查詢股票的 開始日期: 2019-10-31, 結束: 2024-10-31
2024-10-10 12:12:00,776 - DEBUG -                   5MA    10MA
Date                         
2024-10-06  32.589999  33.050
2024-10-13  32.730000  32.865
2024-10-10 12:12:00,784 - DEBUG - 查詢股票的 開始日期: 2019-10-31, 結束: 2024-10-31
2024-10-10 12:12:00,784 - DEBUG - current 5MA value is 33.3, previous value is 33.56999969482422
2024-10-10 12:12:00,784 - DEBUG - 5MA 是向下趨勢的
2024-10-10 12:12:00,785 - DEBUG - 查詢股票的 開始日期: 2019-10-31, 結束: 2024-10-31
2024-10-10 12:12:00,785 - DEBUG - Entering download()
2024-10-10 12:12:00,785 - DEBUG - Disabling multithreading because DEBUG logging enabled
2024-10-10 12:12:00,785 - DEBUG -  Entering history()
2024-10-10 12:12:00,786 - DEBUG - ('SELECT "t1"."key", "t1"."value" FROM "_kv" AS "t1" WHERE ("t1"."key" = ?) LIMIT ? OFFSET ?', ['1102.TW', 1, 0])
2024-10-10 12:12:00,786 - DEBUG -   Entering history()
2024-10-10 12:12:00,786 - DEBUG - 1102.TW: Yahoo GET parameters: {'period1': '2019-10-31 00:00:00+08:00', 'period2': '2024-10-31 00:00:00+08:00', 'interval': '1d', 'includePrePost': False, 'events': 'div,splits,capitalGains'}
2024-10-10 12:12:00,786 - DEBUG -    Entering get()
2024-10-10 12:12:00,786 - DEBUG - url=https://query2.finance.yahoo.com/v8/finance/chart/1102.TW
2024-10-10 12:12:00,786 - DEBUG - params={'period1': 1572451200, 'period2': 1730304000, 'interval': '1d', 'includePrePost': False, 'events': 'div,splits,capitalGains'}
2024-10-10 12:12:00,787 - DEBUG -     Entering _get_cookie_and_crumb()
2024-10-10 12:12:00,787 - DEBUG - cookie_mode = 'basic'
2024-10-10 12:12:00,787 - DEBUG -      Entering _get_cookie_and_crumb_basic()
2024-10-10 12:12:00,787 - DEBUG - reusing cookie
2024-10-10 12:12:00,787 - DEBUG - reusing crumb
2024-10-10 12:12:00,787 - DEBUG -      Exiting _get_cookie_and_crumb_basic()
2024-10-10 12:12:00,787 - DEBUG -     Exiting _get_cookie_and_crumb()
2024-10-10 12:12:00,910 - DEBUG - https://query2.finance.yahoo.com:443 "GET /v8/finance/chart/1102.TW?period1=1572451200&period2=1730304000&interval=1d&includePrePost=False&events=div%2Csplits%2CcapitalGains&crumb=Ejo3F9A.gdh HTTP/1.1" 200 None
2024-10-10 12:12:00,929 - DEBUG - response code=200
2024-10-10 12:12:00,929 - DEBUG -    Exiting get()
2024-10-10 12:12:00,938 - DEBUG - 1102.TW: yfinance received OHLC data: 2019-10-31 01:00:00 -> 2024-10-09 01:00:00
2024-10-10 12:12:00,940 - DEBUG - 1102.TW: OHLC after cleaning: 2019-10-31 09:00:00+08:00 -> 2024-10-09 09:00:00+08:00
2024-10-10 12:12:00,955 - DEBUG - 1102.TW: OHLC after combining events: 2019-10-31 00:00:00+08:00 -> 2024-10-09 00:00:00+08:00
2024-10-10 12:12:00,959 - DEBUG - 1102.TW: yfinance returning OHLC: 2019-10-31 00:00:00+08:00 -> 2024-10-09 00:00:00+08:00
2024-10-10 12:12:00,959 - DEBUG -   Exiting history()
2024-10-10 12:12:00,960 - DEBUG -  Exiting history()
2024-10-10 12:12:00,960 - DEBUG - Exiting download()
2024-10-10 12:12:00,960 - DEBUG - 查詢股票的 開始日期: 2019-10-31, 結束: 2024-10-31
2024-10-10 12:12:00,963 - DEBUG -               5MA   10MA       60MA
Date                               
2024-10-08  47.51  46.45  44.001516
2024-10-09  47.28  46.60  44.073341
2024-10-10 12:12:00,976 - DEBUG - 查詢股票的 開始日期: 2019-10-31, 結束: 2024-10-31
2024-10-10 12:12:00,981 - DEBUG -                   5MA       10MA
Date                            
2024-10-06  45.830001  44.810001
2024-10-13  46.160001  45.325000
2024-10-10 12:12:00,989 - DEBUG - 查詢股票的 開始日期: 2019-10-31, 結束: 2024-10-31
2024-10-10 12:12:00,990 - DEBUG - current 5MA value is 47.279999542236325, previous value is 47.50999984741211
2024-10-10 12:12:00,990 - DEBUG - 5MA 是向下趨勢的
2024-10-10 12:12:00,990 - DEBUG - 查詢股票的 開始日期: 2019-10-31, 結束: 2024-10-31
2024-10-10 12:12:00,990 - DEBUG - Entering download()
2024-10-10 12:12:00,990 - DEBUG - Disabling multithreading because DEBUG logging enabled
2024-10-10 12:12:00,991 - DEBUG -  Entering history()
2024-10-10 12:12:00,991 - DEBUG - ('SELECT "t1"."key", "t1"."value" FROM "_kv" AS "t1" WHERE ("t1"."key" = ?) LIMIT ? OFFSET ?', ['1103.TW', 1, 0])
2024-10-10 12:12:00,991 - DEBUG -   Entering history()
2024-10-10 12:12:00,992 - DEBUG - 1103.TW: Yahoo GET parameters: {'period1': '2019-10-31 00:00:00+08:00', 'period2': '2024-10-31 00:00:00+08:00', 'interval': '1d', 'includePrePost': False, 'events': 'div,splits,capitalGains'}
2024-10-10 12:12:00,992 - DEBUG -    Entering get()
2024-10-10 12:12:00,992 - DEBUG - url=https://query2.finance.yahoo.com/v8/finance/chart/1103.TW
2024-10-10 12:12:00,992 - DEBUG - params={'period1': 1572451200, 'period2': 1730304000, 'interval': '1d', 'includePrePost': False, 'events': 'div,splits,capitalGains'}
2024-10-10 12:12:00,992 - DEBUG -     Entering _get_cookie_and_crumb()
2024-10-10 12:12:00,992 - DEBUG - cookie_mode = 'basic'
2024-10-10 12:12:00,992 - DEBUG -      Entering _get_cookie_and_crumb_basic()
2024-10-10 12:12:00,992 - DEBUG - reusing cookie
2024-10-10 12:12:00,992 - DEBUG - reusing crumb
2024-10-10 12:12:00,992 - DEBUG -      Exiting _get_cookie_and_crumb_basic()
2024-10-10 12:12:00,992 - DEBUG -     Exiting _get_cookie_and_crumb()
2024-10-10 12:12:01,099 - DEBUG - https://query2.finance.yahoo.com:443 "GET /v8/finance/chart/1103.TW?period1=1572451200&period2=1730304000&interval=1d&includePrePost=False&events=div%2Csplits%2CcapitalGains&crumb=Ejo3F9A.gdh HTTP/1.1" 200 None
2024-10-10 12:12:01,151 - DEBUG - response code=200
2024-10-10 12:12:01,152 - DEBUG -    Exiting get()
2024-10-10 12:12:01,162 - DEBUG - 1103.TW: yfinance received OHLC data: 2019-10-31 01:00:00 -> 2024-10-09 01:00:00
2024-10-10 12:12:01,164 - DEBUG - 1103.TW: OHLC after cleaning: 2019-10-31 09:00:00+08:00 -> 2024-10-09 09:00:00+08:00
2024-10-10 12:12:01,190 - DEBUG - 1103.TW: OHLC after combining events: 2019-10-31 00:00:00+08:00 -> 2024-10-09 00:00:00+08:00
2024-10-10 12:12:01,195 - DEBUG - 1103.TW: yfinance returning OHLC: 2019-10-31 00:00:00+08:00 -> 2024-10-09 00:00:00+08:00
2024-10-10 12:12:01,195 - DEBUG -   Exiting history()
2024-10-10 12:12:01,195 - DEBUG -  Exiting history()
2024-10-10 12:12:01,195 - DEBUG - Exiting download()
2024-10-10 12:12:01,196 - DEBUG - 查詢股票的 開始日期: 2019-10-31, 結束: 2024-10-31
2024-10-10 12:12:01,198 - DEBUG -               5MA    10MA       60MA
Date                                
2024-10-08  18.01  17.755  17.878199
2024-10-09  17.93  17.780  17.872388
2024-10-10 12:12:01,211 - DEBUG - 查詢股票的 開始日期: 2019-10-31, 結束: 2024-10-31
2024-10-10 12:12:01,215 - DEBUG -               5MA    10MA
Date                     
2024-10-06  17.75  17.820
2024-10-13  17.81  17.805
2024-10-10 12:12:01,224 - DEBUG - 查詢股票的 開始日期: 2019-10-31, 結束: 2024-10-31
2024-10-10 12:12:01,224 - DEBUG - current 5MA value is 17.929999923706056, previous value is 18.010000228881836
2024-10-10 12:12:01,225 - DEBUG - 5MA 是向下趨勢的
2024-10-10 12:12:01,225 - DEBUG - 查詢股票的 開始日期: 2019-10-31, 結束: 2024-10-31
2024-10-10 12:12:01,225 - DEBUG - Entering download()
2024-10-10 12:12:01,225 - DEBUG - Disabling multithreading because DEBUG logging enabled
2024-10-10 12:12:01,225 - DEBUG -  Entering history()
2024-10-10 12:12:01,226 - DEBUG - ('SELECT "t1"."key", "t1"."value" FROM "_kv" AS "t1" WHERE ("t1"."key" = ?) LIMIT ? OFFSET ?', ['1104.TW', 1, 0])
2024-10-10 12:12:01,226 - DEBUG -   Entering history()
2024-10-10 12:12:01,226 - DEBUG - 1104.TW: Yahoo GET parameters: {'period1': '2019-10-31 00:00:00+08:00', 'period2': '2024-10-31 00:00:00+08:00', 'interval': '1d', 'includePrePost': False, 'events': 'div,splits,capitalGains'}
2024-10-10 12:12:01,226 - DEBUG -    Entering get()
2024-10-10 12:12:01,226 - DEBUG - url=https://query2.finance.yahoo.com/v8/finance/chart/1104.TW
2024-10-10 12:12:01,226 - DEBUG - params={'period1': 1572451200, 'period2': 1730304000, 'interval': '1d', 'includePrePost': False, 'events': 'div,splits,capitalGains'}
2024-10-10 12:12:01,226 - DEBUG -     Entering _get_cookie_and_crumb()
2024-10-10 12:12:01,227 - DEBUG - cookie_mode = 'basic'
2024-10-10 12:12:01,227 - DEBUG -      Entering _get_cookie_and_crumb_basic()
2024-10-10 12:12:01,227 - DEBUG - reusing cookie
2024-10-10 12:12:01,227 - DEBUG - reusing crumb
2024-10-10 12:12:01,227 - DEBUG -      Exiting _get_cookie_and_crumb_basic()
2024-10-10 12:12:01,227 - DEBUG -     Exiting _get_cookie_and_crumb()
2024-10-10 12:12:01,329 - DEBUG - https://query2.finance.yahoo.com:443 "GET /v8/finance/chart/1104.TW?period1=1572451200&period2=1730304000&interval=1d&includePrePost=False&events=div%2Csplits%2CcapitalGains&crumb=Ejo3F9A.gdh HTTP/1.1" 200 None
2024-10-10 12:12:01,335 - DEBUG - response code=200
2024-10-10 12:12:01,336 - DEBUG -    Exiting get()
2024-10-10 12:12:01,343 - DEBUG - 1104.TW: yfinance received OHLC data: 2019-10-31 01:00:00 -> 2024-10-09 01:00:00
2024-10-10 12:12:01,345 - DEBUG - 1104.TW: OHLC after cleaning: 2019-10-31 09:00:00+08:00 -> 2024-10-09 09:00:00+08:00
2024-10-10 12:12:01,364 - DEBUG - 1104.TW: OHLC after combining events: 2019-10-31 00:00:00+08:00 -> 2024-10-09 00:00:00+08:00
2024-10-10 12:12:01,368 - DEBUG - 1104.TW: yfinance returning OHLC: 2019-10-31 00:00:00+08:00 -> 2024-10-09 00:00:00+08:00
2024-10-10 12:12:01,369 - DEBUG -   Exiting history()
2024-10-10 12:12:01,369 - DEBUG -  Exiting history()
2024-10-10 12:12:01,369 - DEBUG - Exiting download()
2024-10-10 12:12:01,369 - DEBUG - 查詢股票的 開始日期: 2019-10-31, 結束: 2024-10-31
2024-10-10 12:12:01,371 - DEBUG -               5MA    10MA       60MA
Date                                
2024-10-08  30.69  30.445  31.069293
2024-10-09  30.57  30.435  31.019368
2024-10-10 12:12:01,382 - DEBUG - 查詢股票的 開始日期: 2019-10-31, 結束: 2024-10-31
2024-10-10 12:12:01,387 - DEBUG -               5MA   10MA
Date                    
2024-10-06  30.16  30.62
2024-10-13  30.37  30.37
2024-10-10 12:12:01,394 - DEBUG - 查詢股票的 開始日期: 2019-10-31, 結束: 2024-10-31
2024-10-10 12:12:01,395 - DEBUG - current 5MA value is 30.570000076293944, previous value is 30.690000152587892
2024-10-10 12:12:01,395 - DEBUG - 5MA 是向下趨勢的
2024-10-10 12:12:01,395 - DEBUG - 查詢股票的 開始日期: 2019-10-31, 結束: 2024-10-31
2024-10-10 12:12:01,395 - DEBUG - Entering download()
2024-10-10 12:12:01,395 - DEBUG - Disabling multithreading because DEBUG logging enabled
2024-10-10 12:12:01,395 - DEBUG -  Entering history()
2024-10-10 12:12:01,396 - DEBUG - ('SELECT "t1"."key", "t1"."value" FROM "_kv" AS "t1" WHERE ("t1"."key" = ?) LIMIT ? OFFSET ?', ['1108.TW', 1, 0])
2024-10-10 12:12:01,396 - DEBUG -   Entering history()
2024-10-10 12:12:01,397 - DEBUG - 1108.TW: Yahoo GET parameters: {'period1': '2019-10-31 00:00:00+08:00', 'period2': '2024-10-31 00:00:00+08:00', 'interval': '1d', 'includePrePost': False, 'events': 'div,splits,capitalGains'}
2024-10-10 12:12:01,397 - DEBUG -    Entering get()
2024-10-10 12:12:01,397 - DEBUG - url=https://query2.finance.yahoo.com/v8/finance/chart/1108.TW
2024-10-10 12:12:01,397 - DEBUG - params={'period1': 1572451200, 'period2': 1730304000, 'interval': '1d', 'includePrePost': False, 'events': 'div,splits,capitalGains'}
2024-10-10 12:12:01,397 - DEBUG -     Entering _get_cookie_and_crumb()
2024-10-10 12:12:01,397 - DEBUG - cookie_mode = 'basic'
2024-10-10 12:12:01,397 - DEBUG -      Entering _get_cookie_and_crumb_basic()
2024-10-10 12:12:01,397 - DEBUG - reusing cookie
2024-10-10 12:12:01,397 - DEBUG - reusing crumb
2024-10-10 12:12:01,397 - DEBUG -      Exiting _get_cookie_and_crumb_basic()
2024-10-10 12:12:01,397 - DEBUG -     Exiting _get_cookie_and_crumb()
2024-10-10 12:12:01,505 - DEBUG - https://query2.finance.yahoo.com:443 "GET /v8/finance/chart/1108.TW?period1=1572451200&period2=1730304000&interval=1d&includePrePost=False&events=div%2Csplits%2CcapitalGains&crumb=Ejo3F9A.gdh HTTP/1.1" 200 None
2024-10-10 12:12:01,512 - DEBUG - response code=200
2024-10-10 12:12:01,513 - DEBUG -    Exiting get()
2024-10-10 12:12:01,520 - DEBUG - 1108.TW: yfinance received OHLC data: 2019-10-31 01:00:00 -> 2024-10-09 01:00:00
2024-10-10 12:12:01,522 - DEBUG - 1108.TW: OHLC after cleaning: 2019-10-31 09:00:00+08:00 -> 2024-10-09 09:00:00+08:00
2024-10-10 12:12:01,534 - DEBUG - 1108.TW: OHLC after combining events: 2019-10-31 00:00:00+08:00 -> 2024-10-09 00:00:00+08:00
2024-10-10 12:12:01,538 - DEBUG - 1108.TW: yfinance returning OHLC: 2019-10-31 00:00:00+08:00 -> 2024-10-09 00:00:00+08:00
2024-10-10 12:12:01,538 - DEBUG -   Exiting history()
2024-10-10 12:12:01,538 - DEBUG -  Exiting history()
2024-10-10 12:12:01,538 - DEBUG - Exiting download()
2024-10-10 12:12:01,539 - DEBUG - 查詢股票的 開始日期: 2019-10-31, 結束: 2024-10-31
2024-10-10 12:12:01,541 - DEBUG -               5MA    10MA       60MA
Date                                
2024-10-08  14.98  14.735  15.030064
2024-10-09  14.86  14.710  15.012923
2024-10-10 12:12:01,552 - DEBUG - 查詢股票的 開始日期: 2019-10-31, 結束: 2024-10-31
2024-10-10 12:12:01,556 - DEBUG -               5MA       10MA
Date                        
2024-10-06  14.79  14.958692
2024-10-13  14.79  14.893385
2024-10-10 12:12:01,564 - DEBUG - 查詢股票的 開始日期: 2019-10-31, 結束: 2024-10-31
2024-10-10 12:12:01,564 - DEBUG - current 5MA value is 14.859999847412109, previous value is 14.97999973297119
2024-10-10 12:12:01,564 - DEBUG - 5MA 是向下趨勢的
2024-10-10 12:12:01,565 - DEBUG - 查詢股票的 開始日期: 2019-10-31, 結束: 2024-10-31
2024-10-10 12:12:01,565 - DEBUG - Entering download()
2024-10-10 12:12:01,565 - DEBUG - Disabling multithreading because DEBUG logging enabled
2024-10-10 12:12:01,565 - DEBUG -  Entering history()
2024-10-10 12:12:01,565 - DEBUG - ('SELECT "t1"."key", "t1"."value" FROM "_kv" AS "t1" WHERE ("t1"."key" = ?) LIMIT ? OFFSET ?', ['1109.TW', 1, 0])
2024-10-10 12:12:01,566 - DEBUG -   Entering history()
2024-10-10 12:12:01,566 - DEBUG - 1109.TW: Yahoo GET parameters: {'period1': '2019-10-31 00:00:00+08:00', 'period2': '2024-10-31 00:00:00+08:00', 'interval': '1d', 'includePrePost': False, 'events': 'div,splits,capitalGains'}
2024-10-10 12:12:01,566 - DEBUG -    Entering get()
2024-10-10 12:12:01,566 - DEBUG - url=https://query2.finance.yahoo.com/v8/finance/chart/1109.TW
2024-10-10 12:12:01,567 - DEBUG - params={'period1': 1572451200, 'period2': 1730304000, 'interval': '1d', 'includePrePost': False, 'events': 'div,splits,capitalGains'}
2024-10-10 12:12:01,567 - DEBUG -     Entering _get_cookie_and_crumb()
2024-10-10 12:12:01,567 - DEBUG - cookie_mode = 'basic'
2024-10-10 12:12:01,567 - DEBUG -      Entering _get_cookie_and_crumb_basic()
2024-10-10 12:12:01,567 - DEBUG - reusing cookie
2024-10-10 12:12:01,567 - DEBUG - reusing crumb
2024-10-10 12:12:01,567 - DEBUG -      Exiting _get_cookie_and_crumb_basic()
2024-10-10 12:12:01,567 - DEBUG -     Exiting _get_cookie_and_crumb()
2024-10-10 12:12:01,694 - DEBUG - https://query2.finance.yahoo.com:443 "GET /v8/finance/chart/1109.TW?period1=1572451200&period2=1730304000&interval=1d&includePrePost=False&events=div%2Csplits%2CcapitalGains&crumb=Ejo3F9A.gdh HTTP/1.1" 200 None
2024-10-10 12:12:01,706 - DEBUG - response code=200
2024-10-10 12:12:01,707 - DEBUG -    Exiting get()
2024-10-10 12:12:01,716 - DEBUG - 1109.TW: yfinance received OHLC data: 2019-10-31 01:00:00 -> 2024-10-09 01:00:00
2024-10-10 12:12:01,718 - DEBUG - 1109.TW: OHLC after cleaning: 2019-10-31 09:00:00+08:00 -> 2024-10-09 09:00:00+08:00
2024-10-10 12:12:01,732 - DEBUG - 1109.TW: OHLC after combining events: 2019-10-31 00:00:00+08:00 -> 2024-10-09 00:00:00+08:00
2024-10-10 12:12:01,737 - DEBUG - 1109.TW: yfinance returning OHLC: 2019-10-31 00:00:00+08:00 -> 2024-10-09 00:00:00+08:00
2024-10-10 12:12:01,738 - DEBUG -   Exiting history()
2024-10-10 12:12:01,738 - DEBUG -  Exiting history()
2024-10-10 12:12:01,738 - DEBUG - Exiting download()
2024-10-10 12:12:01,738 - DEBUG - 查詢股票的 開始日期: 2019-10-31, 結束: 2024-10-31
2024-10-10 12:12:01,741 - DEBUG -                   5MA    10MA       60MA
Date                                    
2024-10-08  18.720000  18.435  18.253101
2024-10-09  18.659999  18.440  18.250551
2024-10-10 12:12:01,753 - DEBUG - 查詢股票的 開始日期: 2019-10-31, 結束: 2024-10-31
2024-10-10 12:12:01,758 - DEBUG -               5MA    10MA
Date                     
2024-10-06  18.54  18.315
2024-10-13  18.61  18.370
2024-10-10 12:12:01,767 - DEBUG - 查詢股票的 開始日期: 2019-10-31, 結束: 2024-10-31
2024-10-10 12:12:01,767 - DEBUG - current 5MA value is 18.659999465942384, previous value is 18.719999694824217
2024-10-10 12:12:01,768 - DEBUG - 5MA 是向下趨勢的
2024-10-10 12:12:01,768 - DEBUG - 查詢股票的 開始日期: 2019-10-31, 結束: 2024-10-31
2024-10-10 12:12:01,768 - DEBUG - Entering download()
2024-10-10 12:12:01,768 - DEBUG - Disabling multithreading because DEBUG logging enabled
2024-10-10 12:12:01,768 - DEBUG -  Entering history()
2024-10-10 12:12:01,769 - DEBUG - ('SELECT "t1"."key", "t1"."value" FROM "_kv" AS "t1" WHERE ("t1"."key" = ?) LIMIT ? OFFSET ?', ['1110.TW', 1, 0])
2024-10-10 12:12:01,769 - DEBUG -   Entering history()
2024-10-10 12:12:01,769 - DEBUG - 1110.TW: Yahoo GET parameters: {'period1': '2019-10-31 00:00:00+08:00', 'period2': '2024-10-31 00:00:00+08:00', 'interval': '1d', 'includePrePost': False, 'events': 'div,splits,capitalGains'}
2024-10-10 12:12:01,769 - DEBUG -    Entering get()
2024-10-10 12:12:01,770 - DEBUG - url=https://query2.finance.yahoo.com/v8/finance/chart/1110.TW
2024-10-10 12:12:01,770 - DEBUG - params={'period1': 1572451200, 'period2': 1730304000, 'interval': '1d', 'includePrePost': False, 'events': 'div,splits,capitalGains'}
2024-10-10 12:12:01,770 - DEBUG -     Entering _get_cookie_and_crumb()
2024-10-10 12:12:01,770 - DEBUG - cookie_mode = 'basic'
2024-10-10 12:12:01,770 - DEBUG -      Entering _get_cookie_and_crumb_basic()
2024-10-10 12:12:01,770 - DEBUG - reusing cookie
2024-10-10 12:12:01,770 - DEBUG - reusing crumb
2024-10-10 12:12:01,770 - DEBUG -      Exiting _get_cookie_and_crumb_basic()
2024-10-10 12:12:01,770 - DEBUG -     Exiting _get_cookie_and_crumb()
2024-10-10 12:12:01,907 - DEBUG - https://query2.finance.yahoo.com:443 "GET /v8/finance/chart/1110.TW?period1=1572451200&period2=1730304000&interval=1d&includePrePost=False&events=div%2Csplits%2CcapitalGains&crumb=Ejo3F9A.gdh HTTP/1.1" 200 None
2024-10-10 12:12:01,915 - DEBUG - response code=200
2024-10-10 12:12:01,915 - DEBUG -    Exiting get()
2024-10-10 12:12:01,923 - DEBUG - 1110.TW: yfinance received OHLC data: 2019-10-31 01:00:00 -> 2024-10-09 01:00:00
2024-10-10 12:12:01,925 - DEBUG - 1110.TW: OHLC after cleaning: 2019-10-31 09:00:00+08:00 -> 2024-10-09 09:00:00+08:00
2024-10-10 12:12:01,940 - DEBUG - 1110.TW: OHLC after combining events: 2019-10-31 00:00:00+08:00 -> 2024-10-09 00:00:00+08:00
2024-10-10 12:12:01,944 - DEBUG - 1110.TW: yfinance returning OHLC: 2019-10-31 00:00:00+08:00 -> 2024-10-09 00:00:00+08:00
2024-10-10 12:12:01,944 - DEBUG -   Exiting history()
2024-10-10 12:12:01,944 - DEBUG -  Exiting history()
2024-10-10 12:12:01,945 - DEBUG - Exiting download()
2024-10-10 12:12:01,945 - DEBUG - 查詢股票的 開始日期: 2019-10-31, 結束: 2024-10-31
2024-10-10 12:12:01,948 - DEBUG -               5MA   10MA       60MA
Date                               
2024-10-08  22.07  21.74  22.494159
2024-10-09  22.11  21.78  22.489167
2024-10-10 12:12:01,960 - DEBUG - 查詢股票的 開始日期: 2019-10-31, 結束: 2024-10-31
2024-10-10 12:12:01,965 - DEBUG -               5MA   10MA
Date                    
2024-10-06  22.07  22.46
2024-10-13  21.97  22.30
2024-10-10 12:12:02,000 - DEBUG - 查詢股票的 開始日期: 2019-10-31, 結束: 2024-10-31
2024-10-10 12:12:02,001 - DEBUG - current 5MA value is 22.10999984741211, previous value is 22.06999969482422
2024-10-10 12:12:02,001 - DEBUG - 5MA 是向上趨勢的 通過
2024-10-10 12:12:02,001 - DEBUG - 查詢股票的 開始日期: 2019-10-31, 結束: 2024-10-31
2024-10-10 12:12:02,002 - DEBUG - current 10MA value is 21.779999732971195, previous value is 21.739999771118168
2024-10-10 12:12:02,002 - DEBUG - 10MA 是向上趨勢的 通過
2024-10-10 12:12:02,002 - DEBUG - 查詢股票的 開始日期: 2019-10-31, 結束: 2024-10-31
2024-10-10 12:12:02,002 - DEBUG - current 60MA value is 22.48916654586792, previous value is 22.494159126281737
2024-10-10 12:12:02,002 - DEBUG - 60MA 是向下趨勢的
2024-10-10 12:12:02,003 - DEBUG - 查詢股票的 開始日期: 2019-10-31, 結束: 2024-10-31
2024-10-10 12:12:02,003 - DEBUG - Entering download()
2024-10-10 12:12:02,003 - DEBUG - Disabling multithreading because DEBUG logging enabled
2024-10-10 12:12:02,003 - DEBUG -  Entering history()
2024-10-10 12:12:02,003 - DEBUG - ('SELECT "t1"."key", "t1"."value" FROM "_kv" AS "t1" WHERE ("t1"."key" = ?) LIMIT ? OFFSET ?', ['1201.TW', 1, 0])
2024-10-10 12:12:02,004 - DEBUG -   Entering history()
2024-10-10 12:12:02,004 - DEBUG - 1201.TW: Yahoo GET parameters: {'period1': '2019-10-31 00:00:00+08:00', 'period2': '2024-10-31 00:00:00+08:00', 'interval': '1d', 'includePrePost': False, 'events': 'div,splits,capitalGains'}
2024-10-10 12:12:02,004 - DEBUG -    Entering get()
2024-10-10 12:12:02,004 - DEBUG - url=https://query2.finance.yahoo.com/v8/finance/chart/1201.TW
2024-10-10 12:12:02,004 - DEBUG - params={'period1': 1572451200, 'period2': 1730304000, 'interval': '1d', 'includePrePost': False, 'events': 'div,splits,capitalGains'}
2024-10-10 12:12:02,004 - DEBUG -     Entering _get_cookie_and_crumb()
2024-10-10 12:12:02,004 - DEBUG - cookie_mode = 'basic'
2024-10-10 12:12:02,004 - DEBUG -      Entering _get_cookie_and_crumb_basic()
2024-10-10 12:12:02,005 - DEBUG - reusing cookie
2024-10-10 12:12:02,005 - DEBUG - reusing crumb
2024-10-10 12:12:02,005 - DEBUG -      Exiting _get_cookie_and_crumb_basic()
2024-10-10 12:12:02,005 - DEBUG -     Exiting _get_cookie_and_crumb()
2024-10-10 12:12:02,096 - DEBUG - https://query2.finance.yahoo.com:443 "GET /v8/finance/chart/1201.TW?period1=1572451200&period2=1730304000&interval=1d&includePrePost=False&events=div%2Csplits%2CcapitalGains&crumb=Ejo3F9A.gdh HTTP/1.1" 200 None
2024-10-10 12:12:02,100 - DEBUG - response code=200
2024-10-10 12:12:02,100 - DEBUG -    Exiting get()
2024-10-10 12:12:02,107 - DEBUG - 1201.TW: yfinance received OHLC data: 2019-10-31 01:00:00 -> 2024-10-09 01:00:00
2024-10-10 12:12:02,109 - DEBUG - 1201.TW: OHLC after cleaning: 2019-10-31 09:00:00+08:00 -> 2024-10-09 09:00:00+08:00
2024-10-10 12:12:02,120 - DEBUG - 1201.TW: OHLC after combining events: 2019-10-31 00:00:00+08:00 -> 2024-10-09 00:00:00+08:00
2024-10-10 12:12:02,124 - DEBUG - 1201.TW: yfinance returning OHLC: 2019-10-31 00:00:00+08:00 -> 2024-10-09 00:00:00+08:00
2024-10-10 12:12:02,125 - DEBUG -   Exiting history()
2024-10-10 12:12:02,125 - DEBUG -  Exiting history()
2024-10-10 12:12:02,125 - DEBUG - Exiting download()
2024-10-10 12:12:02,125 - DEBUG - 查詢股票的 開始日期: 2019-10-31, 結束: 2024-10-31
2024-10-10 12:12:02,127 - DEBUG -               5MA    10MA       60MA
Date                                
2024-10-08  18.33  18.015  18.180595
2024-10-09  18.33  18.040  18.180052
2024-10-10 12:12:02,138 - DEBUG - 查詢股票的 開始日期: 2019-10-31, 結束: 2024-10-31
2024-10-10 12:12:02,142 - DEBUG -               5MA   10MA
Date                    
2024-10-06  18.19  18.23
2024-10-13  18.26  18.24
2024-10-10 12:12:02,150 - DEBUG - 查詢股票的 開始日期: 2019-10-31, 結束: 2024-10-31
2024-10-10 12:12:02,151 - DEBUG - current 5MA value is 18.329999923706055, previous value is 18.329999923706055
2024-10-10 12:12:02,151 - DEBUG - 5MA 是向下趨勢的
2024-10-10 12:12:02,151 - DEBUG - 查詢股票的 開始日期: 2019-10-31, 結束: 2024-10-31
2024-10-10 12:12:02,151 - DEBUG - Entering download()
2024-10-10 12:12:02,151 - DEBUG - Disabling multithreading because DEBUG logging enabled
2024-10-10 12:12:02,152 - DEBUG -  Entering history()
2024-10-10 12:12:02,152 - DEBUG - ('SELECT "t1"."key", "t1"."value" FROM "_kv" AS "t1" WHERE ("t1"."key" = ?) LIMIT ? OFFSET ?', ['1203.TW', 1, 0])
2024-10-10 12:12:02,152 - DEBUG -   Entering history()
2024-10-10 12:12:02,153 - DEBUG - 1203.TW: Yahoo GET parameters: {'period1': '2019-10-31 00:00:00+08:00', 'period2': '2024-10-31 00:00:00+08:00', 'interval': '1d', 'includePrePost': False, 'events': 'div,splits,capitalGains'}
2024-10-10 12:12:02,153 - DEBUG -    Entering get()
2024-10-10 12:12:02,153 - DEBUG - url=https://query2.finance.yahoo.com/v8/finance/chart/1203.TW
2024-10-10 12:12:02,153 - DEBUG - params={'period1': 1572451200, 'period2': 1730304000, 'interval': '1d', 'includePrePost': False, 'events': 'div,splits,capitalGains'}
2024-10-10 12:12:02,153 - DEBUG -     Entering _get_cookie_and_crumb()
2024-10-10 12:12:02,153 - DEBUG - cookie_mode = 'basic'
2024-10-10 12:12:02,153 - DEBUG -      Entering _get_cookie_and_crumb_basic()
2024-10-10 12:12:02,153 - DEBUG - reusing cookie
2024-10-10 12:12:02,153 - DEBUG - reusing crumb
2024-10-10 12:12:02,153 - DEBUG -      Exiting _get_cookie_and_crumb_basic()
2024-10-10 12:12:02,153 - DEBUG -     Exiting _get_cookie_and_crumb()
2024-10-10 12:12:02,289 - DEBUG - https://query2.finance.yahoo.com:443 "GET /v8/finance/chart/1203.TW?period1=1572451200&period2=1730304000&interval=1d&includePrePost=False&events=div%2Csplits%2CcapitalGains&crumb=Ejo3F9A.gdh HTTP/1.1" 200 None
2024-10-10 12:12:02,298 - DEBUG - response code=200
2024-10-10 12:12:02,298 - DEBUG -    Exiting get()
2024-10-10 12:12:02,306 - DEBUG - 1203.TW: yfinance received OHLC data: 2019-10-31 01:00:00 -> 2024-10-09 01:00:00
2024-10-10 12:12:02,308 - DEBUG - 1203.TW: OHLC after cleaning: 2019-10-31 09:00:00+08:00 -> 2024-10-09 09:00:00+08:00
2024-10-10 12:12:02,321 - DEBUG - 1203.TW: OHLC after combining events: 2019-10-31 00:00:00+08:00 -> 2024-10-09 00:00:00+08:00
2024-10-10 12:12:02,326 - DEBUG - 1203.TW: yfinance returning OHLC: 2019-10-31 00:00:00+08:00 -> 2024-10-09 00:00:00+08:00
2024-10-10 12:12:02,326 - DEBUG -   Exiting history()
2024-10-10 12:12:02,326 - DEBUG -  Exiting history()
2024-10-10 12:12:02,326 - DEBUG - Exiting download()
2024-10-10 12:12:02,326 - DEBUG - 查詢股票的 開始日期: 2019-10-31, 結束: 2024-10-31
2024-10-10 12:12:02,329 - DEBUG -               5MA    10MA       60MA
Date                                
2024-10-08  49.05  49.415  50.783695
2024-10-09  48.53  49.125  50.724200
2024-10-10 12:12:02,341 - DEBUG - 查詢股票的 開始日期: 2019-10-31, 結束: 2024-10-31
2024-10-10 12:12:02,345 - DEBUG -               5MA       10MA
Date                        
2024-10-06  49.65  50.907717
2024-10-13  49.16  50.531181
2024-10-10 12:12:02,354 - DEBUG - 查詢股票的 開始日期: 2019-10-31, 結束: 2024-10-31
2024-10-10 12:12:02,354 - DEBUG - current 5MA value is 48.53000030517578, previous value is 49.05
2024-10-10 12:12:02,354 - DEBUG - 5MA 是向下趨勢的
2024-10-10 12:12:02,354 - DEBUG - 查詢股票的 開始日期: 2019-10-31, 結束: 2024-10-31
2024-10-10 12:12:02,355 - DEBUG - Entering download()
2024-10-10 12:12:02,355 - DEBUG - Disabling multithreading because DEBUG logging enabled
2024-10-10 12:12:02,355 - DEBUG -  Entering history()
2024-10-10 12:12:02,355 - DEBUG - ('SELECT "t1"."key", "t1"."value" FROM "_kv" AS "t1" WHERE ("t1"."key" = ?) LIMIT ? OFFSET ?', ['1210.TW', 1, 0])
2024-10-10 12:12:02,355 - DEBUG -   Entering history()
2024-10-10 12:12:02,356 - DEBUG - 1210.TW: Yahoo GET parameters: {'period1': '2019-10-31 00:00:00+08:00', 'period2': '2024-10-31 00:00:00+08:00', 'interval': '1d', 'includePrePost': False, 'events': 'div,splits,capitalGains'}
2024-10-10 12:12:02,356 - DEBUG -    Entering get()
2024-10-10 12:12:02,356 - DEBUG - url=https://query2.finance.yahoo.com/v8/finance/chart/1210.TW
2024-10-10 12:12:02,356 - DEBUG - params={'period1': 1572451200, 'period2': 1730304000, 'interval': '1d', 'includePrePost': False, 'events': 'div,splits,capitalGains'}
2024-10-10 12:12:02,356 - DEBUG -     Entering _get_cookie_and_crumb()
2024-10-10 12:12:02,356 - DEBUG - cookie_mode = 'basic'
2024-10-10 12:12:02,356 - DEBUG -      Entering _get_cookie_and_crumb_basic()
2024-10-10 12:12:02,356 - DEBUG - reusing cookie
2024-10-10 12:12:02,357 - DEBUG - reusing crumb
2024-10-10 12:12:02,357 - DEBUG -      Exiting _get_cookie_and_crumb_basic()
2024-10-10 12:12:02,357 - DEBUG -     Exiting _get_cookie_and_crumb()
2024-10-10 12:12:02,473 - DEBUG - https://query2.finance.yahoo.com:443 "GET /v8/finance/chart/1210.TW?period1=1572451200&period2=1730304000&interval=1d&includePrePost=False&events=div%2Csplits%2CcapitalGains&crumb=Ejo3F9A.gdh HTTP/1.1" 200 None
2024-10-10 12:12:02,482 - DEBUG - response code=200
2024-10-10 12:12:02,482 - DEBUG -    Exiting get()
2024-10-10 12:12:02,489 - DEBUG - 1210.TW: yfinance received OHLC data: 2019-10-31 01:00:00 -> 2024-10-09 01:00:00
2024-10-10 12:12:02,491 - DEBUG - 1210.TW: OHLC after cleaning: 2019-10-31 09:00:00+08:00 -> 2024-10-09 09:00:00+08:00
2024-10-10 12:12:02,510 - DEBUG - 1210.TW: OHLC after combining events: 2019-10-31 00:00:00+08:00 -> 2024-10-09 00:00:00+08:00
2024-10-10 12:12:02,514 - DEBUG - 1210.TW: yfinance returning OHLC: 2019-10-31 00:00:00+08:00 -> 2024-10-09 00:00:00+08:00
2024-10-10 12:12:02,514 - DEBUG -   Exiting history()
2024-10-10 12:12:02,514 - DEBUG -  Exiting history()
2024-10-10 12:12:02,514 - DEBUG - Exiting download()
2024-10-10 12:12:02,514 - DEBUG - 查詢股票的 開始日期: 2019-10-31, 結束: 2024-10-31
2024-10-10 12:12:02,517 - DEBUG -                   5MA       10MA       60MA
Date                                       
2024-10-08  51.880001  51.510001  52.826314
2024-10-09  51.980001  51.560001  52.778096
2024-10-10 12:12:02,527 - DEBUG - 查詢股票的 開始日期: 2019-10-31, 結束: 2024-10-31
2024-10-10 12:12:02,531 - DEBUG -                   5MA       10MA
Date                            
2024-10-06  51.480001  52.210001
2024-10-13  51.640001  51.990001
2024-10-10 12:12:02,539 - DEBUG - 查詢股票的 開始日期: 2019-10-31, 結束: 2024-10-31
2024-10-10 12:12:02,539 - DEBUG - current 5MA value is 51.980001068115236, previous value is 51.880001068115234
2024-10-10 12:12:02,539 - DEBUG - 5MA 是向上趨勢的 通過
2024-10-10 12:12:02,539 - DEBUG - 查詢股票的 開始日期: 2019-10-31, 結束: 2024-10-31
2024-10-10 12:12:02,540 - DEBUG - current 10MA value is 51.560000610351565, previous value is 51.51000061035156
2024-10-10 12:12:02,540 - DEBUG - 10MA 是向上趨勢的 通過
2024-10-10 12:12:02,540 - DEBUG - 查詢股票的 開始日期: 2019-10-31, 結束: 2024-10-31
2024-10-10 12:12:02,541 - DEBUG - current 60MA value is 52.77809562683105, previous value is 52.826314036051436
2024-10-10 12:12:02,541 - DEBUG - 60MA 是向下趨勢的
2024-10-10 12:12:02,541 - DEBUG - 查詢股票的 開始日期: 2019-10-31, 結束: 2024-10-31
2024-10-10 12:12:02,541 - DEBUG - Entering download()
2024-10-10 12:12:02,541 - DEBUG - Disabling multithreading because DEBUG logging enabled
2024-10-10 12:12:02,541 - DEBUG -  Entering history()
2024-10-10 12:12:02,541 - DEBUG - ('SELECT "t1"."key", "t1"."value" FROM "_kv" AS "t1" WHERE ("t1"."key" = ?) LIMIT ? OFFSET ?', ['1213.TW', 1, 0])
2024-10-10 12:12:02,542 - DEBUG -   Entering history()
2024-10-10 12:12:02,542 - DEBUG - 1213.TW: Yahoo GET parameters: {'period1': '2019-10-31 00:00:00+08:00', 'period2': '2024-10-31 00:00:00+08:00', 'interval': '1d', 'includePrePost': False, 'events': 'div,splits,capitalGains'}
2024-10-10 12:12:02,542 - DEBUG -    Entering get()
2024-10-10 12:12:02,542 - DEBUG - url=https://query2.finance.yahoo.com/v8/finance/chart/1213.TW
2024-10-10 12:12:02,542 - DEBUG - params={'period1': 1572451200, 'period2': 1730304000, 'interval': '1d', 'includePrePost': False, 'events': 'div,splits,capitalGains'}
2024-10-10 12:12:02,542 - DEBUG -     Entering _get_cookie_and_crumb()
2024-10-10 12:12:02,542 - DEBUG - cookie_mode = 'basic'
2024-10-10 12:12:02,542 - DEBUG -      Entering _get_cookie_and_crumb_basic()
2024-10-10 12:12:02,543 - DEBUG - reusing cookie
2024-10-10 12:12:02,543 - DEBUG - reusing crumb
2024-10-10 12:12:02,543 - DEBUG -      Exiting _get_cookie_and_crumb_basic()
2024-10-10 12:12:02,543 - DEBUG -     Exiting _get_cookie_and_crumb()
2024-10-10 12:12:02,623 - DEBUG - https://query2.finance.yahoo.com:443 "GET /v8/finance/chart/1213.TW?period1=1572451200&period2=1730304000&interval=1d&includePrePost=False&events=div%2Csplits%2CcapitalGains&crumb=Ejo3F9A.gdh HTTP/1.1" 200 None
2024-10-10 12:12:02,678 - DEBUG - response code=200
2024-10-10 12:12:02,678 - DEBUG -    Exiting get()
2024-10-10 12:12:02,685 - DEBUG - 1213.TW: yfinance received OHLC data: 2019-10-31 01:00:00 -> 2024-10-09 01:00:00
2024-10-10 12:12:02,687 - DEBUG - 1213.TW: OHLC after cleaning: 2019-10-31 09:00:00+08:00 -> 2024-10-09 09:00:00+08:00
2024-10-10 12:12:02,693 - DEBUG - 1213.TW: OHLC after combining events: 2019-10-31 00:00:00+08:00 -> 2024-10-09 00:00:00+08:00
2024-10-10 12:12:02,698 - DEBUG - 1213.TW: yfinance returning OHLC: 2019-10-31 00:00:00+08:00 -> 2024-10-09 00:00:00+08:00
2024-10-10 12:12:02,698 - DEBUG -   Exiting history()
2024-10-10 12:12:02,698 - DEBUG -  Exiting history()
2024-10-10 12:12:02,698 - DEBUG - Exiting download()
2024-10-10 12:12:02,699 - DEBUG - 查詢股票的 開始日期: 2019-10-31, 結束: 2024-10-31
2024-10-10 12:12:02,702 - DEBUG -               5MA    10MA       60MA
Date                                
2024-10-08  12.04  11.845  11.751167
2024-10-09  12.03  11.850  11.812000
2024-10-10 12:12:02,714 - DEBUG - 查詢股票的 開始日期: 2019-10-31, 結束: 2024-10-31
2024-10-10 12:12:02,719 - DEBUG -               5MA    10MA
Date                     
2024-10-06  12.00  12.185
2024-10-13  11.98  12.140
2024-10-10 12:12:02,727 - DEBUG - 查詢股票的 開始日期: 2019-10-31, 結束: 2024-10-31
2024-10-10 12:12:02,728 - DEBUG - current 5MA value is 12.030000114440918, previous value is 12.04000015258789
2024-10-10 12:12:02,728 - DEBUG - 5MA 是向下趨勢的
2024-10-10 12:12:02,728 - DEBUG - 查詢股票的 開始日期: 2019-10-31, 結束: 2024-10-31
2024-10-10 12:12:02,728 - DEBUG - Entering download()
2024-10-10 12:12:02,728 - DEBUG - Disabling multithreading because DEBUG logging enabled
2024-10-10 12:12:02,728 - DEBUG -  Entering history()
2024-10-10 12:12:02,729 - DEBUG - ('SELECT "t1"."key", "t1"."value" FROM "_kv" AS "t1" WHERE ("t1"."key" = ?) LIMIT ? OFFSET ?', ['1215.TW', 1, 0])
2024-10-10 12:12:02,729 - DEBUG -   Entering history()
2024-10-10 12:12:02,729 - DEBUG - 1215.TW: Yahoo GET parameters: {'period1': '2019-10-31 00:00:00+08:00', 'period2': '2024-10-31 00:00:00+08:00', 'interval': '1d', 'includePrePost': False, 'events': 'div,splits,capitalGains'}
2024-10-10 12:12:02,729 - DEBUG -    Entering get()
2024-10-10 12:12:02,730 - DEBUG - url=https://query2.finance.yahoo.com/v8/finance/chart/1215.TW
2024-10-10 12:12:02,730 - DEBUG - params={'period1': 1572451200, 'period2': 1730304000, 'interval': '1d', 'includePrePost': False, 'events': 'div,splits,capitalGains'}
2024-10-10 12:12:02,730 - DEBUG -     Entering _get_cookie_and_crumb()
2024-10-10 12:12:02,730 - DEBUG - cookie_mode = 'basic'
2024-10-10 12:12:02,730 - DEBUG -      Entering _get_cookie_and_crumb_basic()
2024-10-10 12:12:02,730 - DEBUG - reusing cookie
2024-10-10 12:12:02,730 - DEBUG - reusing crumb
2024-10-10 12:12:02,730 - DEBUG -      Exiting _get_cookie_and_crumb_basic()
2024-10-10 12:12:02,730 - DEBUG -     Exiting _get_cookie_and_crumb()
2024-10-10 12:12:02,832 - DEBUG - https://query2.finance.yahoo.com:443 "GET /v8/finance/chart/1215.TW?period1=1572451200&period2=1730304000&interval=1d&includePrePost=False&events=div%2Csplits%2CcapitalGains&crumb=Ejo3F9A.gdh HTTP/1.1" 200 None
2024-10-10 12:12:02,879 - DEBUG - response code=200
2024-10-10 12:12:02,879 - DEBUG -    Exiting get()
2024-10-10 12:12:02,886 - DEBUG - 1215.TW: yfinance received OHLC data: 2019-10-31 01:00:00 -> 2024-10-09 01:00:00
2024-10-10 12:12:02,888 - DEBUG - 1215.TW: OHLC after cleaning: 2019-10-31 09:00:00+08:00 -> 2024-10-09 09:00:00+08:00
2024-10-10 12:12:02,907 - DEBUG - 1215.TW: OHLC after combining events: 2019-10-31 00:00:00+08:00 -> 2024-10-09 00:00:00+08:00
2024-10-10 12:12:02,911 - DEBUG - 1215.TW: yfinance returning OHLC: 2019-10-31 00:00:00+08:00 -> 2024-10-09 00:00:00+08:00
2024-10-10 12:12:02,911 - DEBUG -   Exiting history()
2024-10-10 12:12:02,911 - DEBUG -  Exiting history()
2024-10-10 12:12:02,911 - DEBUG - Exiting download()
2024-10-10 12:12:02,912 - DEBUG - 查詢股票的 開始日期: 2019-10-31, 結束: 2024-10-31
2024-10-10 12:12:02,914 - DEBUG -                   5MA       10MA       60MA
Date                                       
2024-10-08  97.840001  97.870001  99.158333
2024-10-09  97.760002  97.910001  99.080000
2024-10-10 12:12:02,924 - DEBUG - 查詢股票的 開始日期: 2019-10-31, 結束: 2024-10-31
2024-10-10 12:12:02,928 - DEBUG -                   5MA       10MA
Date                            
2024-10-06  98.359999  98.699999
2024-10-13  98.380000  98.380000
2024-10-10 12:12:02,936 - DEBUG - 查詢股票的 開始日期: 2019-10-31, 結束: 2024-10-31
2024-10-10 12:12:02,937 - DEBUG - current 5MA value is 97.76000213623047, previous value is 97.84000091552734
2024-10-10 12:12:02,937 - DEBUG - 5MA 是向下趨勢的
2024-10-10 12:12:02,937 - DEBUG - 查詢股票的 開始日期: 2019-10-31, 結束: 2024-10-31
2024-10-10 12:12:02,937 - DEBUG - Entering download()
2024-10-10 12:12:02,937 - DEBUG - Disabling multithreading because DEBUG logging enabled
2024-10-10 12:12:02,937 - DEBUG -  Entering history()
2024-10-10 12:12:02,938 - DEBUG - ('SELECT "t1"."key", "t1"."value" FROM "_kv" AS "t1" WHERE ("t1"."key" = ?) LIMIT ? OFFSET ?', ['1216.TW', 1, 0])
2024-10-10 12:12:02,938 - DEBUG -   Entering history()
2024-10-10 12:12:02,938 - DEBUG - 1216.TW: Yahoo GET parameters: {'period1': '2019-10-31 00:00:00+08:00', 'period2': '2024-10-31 00:00:00+08:00', 'interval': '1d', 'includePrePost': False, 'events': 'div,splits,capitalGains'}
2024-10-10 12:12:02,938 - DEBUG -    Entering get()
2024-10-10 12:12:02,938 - DEBUG - url=https://query2.finance.yahoo.com/v8/finance/chart/1216.TW
2024-10-10 12:12:02,938 - DEBUG - params={'period1': 1572451200, 'period2': 1730304000, 'interval': '1d', 'includePrePost': False, 'events': 'div,splits,capitalGains'}
2024-10-10 12:12:02,939 - DEBUG -     Entering _get_cookie_and_crumb()
2024-10-10 12:12:02,939 - DEBUG - cookie_mode = 'basic'
2024-10-10 12:12:02,939 - DEBUG -      Entering _get_cookie_and_crumb_basic()
2024-10-10 12:12:02,939 - DEBUG - reusing cookie
2024-10-10 12:12:02,939 - DEBUG - reusing crumb
2024-10-10 12:12:02,939 - DEBUG -      Exiting _get_cookie_and_crumb_basic()
2024-10-10 12:12:02,939 - DEBUG -     Exiting _get_cookie_and_crumb()
2024-10-10 12:12:03,043 - DEBUG - https://query2.finance.yahoo.com:443 "GET /v8/finance/chart/1216.TW?period1=1572451200&period2=1730304000&interval=1d&includePrePost=False&events=div%2Csplits%2CcapitalGains&crumb=Ejo3F9A.gdh HTTP/1.1" 200 None
2024-10-10 12:12:03,048 - DEBUG - response code=200
2024-10-10 12:12:03,048 - DEBUG -    Exiting get()
2024-10-10 12:12:03,054 - DEBUG - 1216.TW: yfinance received OHLC data: 2019-10-31 01:00:00 -> 2024-10-09 01:00:00
2024-10-10 12:12:03,056 - DEBUG - 1216.TW: OHLC after cleaning: 2019-10-31 09:00:00+08:00 -> 2024-10-09 09:00:00+08:00
2024-10-10 12:12:03,067 - DEBUG - 1216.TW: OHLC after combining events: 2019-10-31 00:00:00+08:00 -> 2024-10-09 00:00:00+08:00
2024-10-10 12:12:03,071 - DEBUG - 1216.TW: yfinance returning OHLC: 2019-10-31 00:00:00+08:00 -> 2024-10-09 00:00:00+08:00
2024-10-10 12:12:03,071 - DEBUG -   Exiting history()
2024-10-10 12:12:03,071 - DEBUG -  Exiting history()
2024-10-10 12:12:03,071 - DEBUG - Exiting download()
2024-10-10 12:12:03,072 - DEBUG - 查詢股票的 開始日期: 2019-10-31, 結束: 2024-10-31
2024-10-10 12:12:03,074 - DEBUG -                   5MA       10MA       60MA
Date                                       
2024-10-08  87.559999  88.119999  83.726049
2024-10-09  87.659999  88.099998  83.826526
2024-10-10 12:12:03,083 - DEBUG - 查詢股票的 開始日期: 2019-10-31, 結束: 2024-10-31
2024-10-10 12:12:03,088 - DEBUG -                   5MA       10MA
Date                            
2024-10-06  86.939998  84.129999
2024-10-13  87.759998  84.979999
2024-10-10 12:12:03,095 - DEBUG - 查詢股票的 開始日期: 2019-10-31, 結束: 2024-10-31
2024-10-10 12:12:03,095 - DEBUG - current 5MA value is 87.65999908447266, previous value is 87.55999908447265
2024-10-10 12:12:03,095 - DEBUG - 5MA 是向上趨勢的 通過
2024-10-10 12:12:03,095 - DEBUG - 查詢股票的 開始日期: 2019-10-31, 結束: 2024-10-31
2024-10-10 12:12:03,096 - DEBUG - current 10MA value is 88.0999984741211, previous value is 88.11999893188477
2024-10-10 12:12:03,096 - DEBUG - 10MA 是向下趨勢的
2024-10-10 12:12:03,096 - DEBUG - 查詢股票的 開始日期: 2019-10-31, 結束: 2024-10-31
2024-10-10 12:12:03,096 - DEBUG - Entering download()
2024-10-10 12:12:03,096 - DEBUG - Disabling multithreading because DEBUG logging enabled
2024-10-10 12:12:03,096 - DEBUG -  Entering history()
2024-10-10 12:12:03,097 - DEBUG - ('SELECT "t1"."key", "t1"."value" FROM "_kv" AS "t1" WHERE ("t1"."key" = ?) LIMIT ? OFFSET ?', ['1217.TW', 1, 0])
2024-10-10 12:12:03,097 - DEBUG -   Entering history()
2024-10-10 12:12:03,097 - DEBUG - 1217.TW: Yahoo GET parameters: {'period1': '2019-10-31 00:00:00+08:00', 'period2': '2024-10-31 00:00:00+08:00', 'interval': '1d', 'includePrePost': False, 'events': 'div,splits,capitalGains'}
2024-10-10 12:12:03,097 - DEBUG -    Entering get()
2024-10-10 12:12:03,097 - DEBUG - url=https://query2.finance.yahoo.com/v8/finance/chart/1217.TW
2024-10-10 12:12:03,098 - DEBUG - params={'period1': 1572451200, 'period2': 1730304000, 'interval': '1d', 'includePrePost': False, 'events': 'div,splits,capitalGains'}
2024-10-10 12:12:03,098 - DEBUG -     Entering _get_cookie_and_crumb()
2024-10-10 12:12:03,098 - DEBUG - cookie_mode = 'basic'
2024-10-10 12:12:03,098 - DEBUG -      Entering _get_cookie_and_crumb_basic()
2024-10-10 12:12:03,098 - DEBUG - reusing cookie
2024-10-10 12:12:03,098 - DEBUG - reusing crumb
2024-10-10 12:12:03,098 - DEBUG -      Exiting _get_cookie_and_crumb_basic()
2024-10-10 12:12:03,098 - DEBUG -     Exiting _get_cookie_and_crumb()
2024-10-10 12:12:03,201 - DEBUG - https://query2.finance.yahoo.com:443 "GET /v8/finance/chart/1217.TW?period1=1572451200&period2=1730304000&interval=1d&includePrePost=False&events=div%2Csplits%2CcapitalGains&crumb=Ejo3F9A.gdh HTTP/1.1" 200 None
2024-10-10 12:12:03,207 - DEBUG - response code=200
2024-10-10 12:12:03,208 - DEBUG -    Exiting get()
2024-10-10 12:12:03,216 - DEBUG - 1217.TW: yfinance received OHLC data: 2019-10-31 01:00:00 -> 2024-10-09 01:00:00
2024-10-10 12:12:03,217 - DEBUG - 1217.TW: OHLC after cleaning: 2019-10-31 09:00:00+08:00 -> 2024-10-09 09:00:00+08:00
2024-10-10 12:12:03,230 - DEBUG - 1217.TW: OHLC after combining events: 2019-10-31 00:00:00+08:00 -> 2024-10-09 00:00:00+08:00
2024-10-10 12:12:03,235 - DEBUG - 1217.TW: yfinance returning OHLC: 2019-10-31 00:00:00+08:00 -> 2024-10-09 00:00:00+08:00
2024-10-10 12:12:03,235 - DEBUG -   Exiting history()
2024-10-10 12:12:03,235 - DEBUG -  Exiting history()
2024-10-10 12:12:03,235 - DEBUG - Exiting download()
2024-10-10 12:12:03,235 - DEBUG - 查詢股票的 開始日期: 2019-10-31, 結束: 2024-10-31
2024-10-10 12:12:03,238 - DEBUG -               5MA    10MA       60MA
Date                                
2024-10-08  12.44  12.225  12.277500
2024-10-09  12.35  12.190  12.264167
2024-10-10 12:12:03,249 - DEBUG - 查詢股票的 開始日期: 2019-10-31, 結束: 2024-10-31
2024-10-10 12:12:03,254 - DEBUG -               5MA    10MA
Date                     
2024-10-06  12.40  12.255
2024-10-13  12.36  12.220
2024-10-10 12:12:03,261 - DEBUG - 查詢股票的 開始日期: 2019-10-31, 結束: 2024-10-31
2024-10-10 12:12:03,262 - DEBUG - current 5MA value is 12.35, previous value is 12.439999961853028
2024-10-10 12:12:03,262 - DEBUG - 5MA 是向下趨勢的
2024-10-10 12:12:03,262 - DEBUG - 查詢股票的 開始日期: 2019-10-31, 結束: 2024-10-31
2024-10-10 12:12:03,262 - DEBUG - Entering download()
2024-10-10 12:12:03,262 - DEBUG - Disabling multithreading because DEBUG logging enabled
2024-10-10 12:12:03,263 - DEBUG -  Entering history()
2024-10-10 12:12:03,263 - DEBUG - ('SELECT "t1"."key", "t1"."value" FROM "_kv" AS "t1" WHERE ("t1"."key" = ?) LIMIT ? OFFSET ?', ['1218.TW', 1, 0])
2024-10-10 12:12:03,263 - DEBUG -   Entering history()
2024-10-10 12:12:03,264 - DEBUG - 1218.TW: Yahoo GET parameters: {'period1': '2019-10-31 00:00:00+08:00', 'period2': '2024-10-31 00:00:00+08:00', 'interval': '1d', 'includePrePost': False, 'events': 'div,splits,capitalGains'}
2024-10-10 12:12:03,264 - DEBUG -    Entering get()
2024-10-10 12:12:03,264 - DEBUG - url=https://query2.finance.yahoo.com/v8/finance/chart/1218.TW
2024-10-10 12:12:03,264 - DEBUG - params={'period1': 1572451200, 'period2': 1730304000, 'interval': '1d', 'includePrePost': False, 'events': 'div,splits,capitalGains'}
2024-10-10 12:12:03,264 - DEBUG -     Entering _get_cookie_and_crumb()
2024-10-10 12:12:03,264 - DEBUG - cookie_mode = 'basic'
2024-10-10 12:12:03,264 - DEBUG -      Entering _get_cookie_and_crumb_basic()
2024-10-10 12:12:03,264 - DEBUG - reusing cookie
2024-10-10 12:12:03,264 - DEBUG - reusing crumb
2024-10-10 12:12:03,265 - DEBUG -      Exiting _get_cookie_and_crumb_basic()
2024-10-10 12:12:03,265 - DEBUG -     Exiting _get_cookie_and_crumb()
2024-10-10 12:12:03,379 - DEBUG - https://query2.finance.yahoo.com:443 "GET /v8/finance/chart/1218.TW?period1=1572451200&period2=1730304000&interval=1d&includePrePost=False&events=div%2Csplits%2CcapitalGains&crumb=Ejo3F9A.gdh HTTP/1.1" 200 None
2024-10-10 12:12:03,391 - DEBUG - response code=200
2024-10-10 12:12:03,391 - DEBUG -    Exiting get()
2024-10-10 12:12:03,399 - DEBUG - 1218.TW: yfinance received OHLC data: 2019-10-31 01:00:00 -> 2024-10-09 01:00:00
2024-10-10 12:12:03,401 - DEBUG - 1218.TW: OHLC after cleaning: 2019-10-31 09:00:00+08:00 -> 2024-10-09 09:00:00+08:00
2024-10-10 12:12:03,414 - DEBUG - 1218.TW: OHLC after combining events: 2019-10-31 00:00:00+08:00 -> 2024-10-09 00:00:00+08:00
2024-10-10 12:12:03,419 - DEBUG - 1218.TW: yfinance returning OHLC: 2019-10-31 00:00:00+08:00 -> 2024-10-09 00:00:00+08:00
2024-10-10 12:12:03,419 - DEBUG -   Exiting history()
2024-10-10 12:12:03,419 - DEBUG -  Exiting history()
2024-10-10 12:12:03,419 - DEBUG - Exiting download()
2024-10-10 12:12:03,420 - DEBUG - 查詢股票的 開始日期: 2019-10-31, 結束: 2024-10-31
2024-10-10 12:12:03,422 - DEBUG -               5MA    10MA       60MA
Date                                
2024-10-08  20.49  20.240  20.626667
2024-10-09  20.42  20.235  20.605833
2024-10-10 12:12:03,433 - DEBUG - 查詢股票的 開始日期: 2019-10-31, 結束: 2024-10-31
2024-10-10 12:12:03,438 - DEBUG -               5MA    10MA
Date                     
2024-10-06  20.42  20.575
2024-10-13  20.42  20.520
2024-10-10 12:12:03,446 - DEBUG - 查詢股票的 開始日期: 2019-10-31, 結束: 2024-10-31
2024-10-10 12:12:03,447 - DEBUG - current 5MA value is 20.41999969482422, previous value is 20.489999771118164
2024-10-10 12:12:03,447 - DEBUG - 5MA 是向下趨勢的
2024-10-10 12:12:03,447 - DEBUG - 查詢股票的 開始日期: 2019-10-31, 結束: 2024-10-31
2024-10-10 12:12:03,447 - DEBUG - Entering download()
2024-10-10 12:12:03,447 - DEBUG - Disabling multithreading because DEBUG logging enabled
2024-10-10 12:12:03,447 - DEBUG -  Entering history()
2024-10-10 12:12:03,448 - DEBUG - ('SELECT "t1"."key", "t1"."value" FROM "_kv" AS "t1" WHERE ("t1"."key" = ?) LIMIT ? OFFSET ?', ['1219.TW', 1, 0])
2024-10-10 12:12:03,448 - DEBUG -   Entering history()
2024-10-10 12:12:03,449 - DEBUG - 1219.TW: Yahoo GET parameters: {'period1': '2019-10-31 00:00:00+08:00', 'period2': '2024-10-31 00:00:00+08:00', 'interval': '1d', 'includePrePost': False, 'events': 'div,splits,capitalGains'}
2024-10-10 12:12:03,449 - DEBUG -    Entering get()
2024-10-10 12:12:03,449 - DEBUG - url=https://query2.finance.yahoo.com/v8/finance/chart/1219.TW
2024-10-10 12:12:03,449 - DEBUG - params={'period1': 1572451200, 'period2': 1730304000, 'interval': '1d', 'includePrePost': False, 'events': 'div,splits,capitalGains'}
2024-10-10 12:12:03,449 - DEBUG -     Entering _get_cookie_and_crumb()
2024-10-10 12:12:03,449 - DEBUG - cookie_mode = 'basic'
2024-10-10 12:12:03,449 - DEBUG -      Entering _get_cookie_and_crumb_basic()
2024-10-10 12:12:03,449 - DEBUG - reusing cookie
2024-10-10 12:12:03,449 - DEBUG - reusing crumb
2024-10-10 12:12:03,449 - DEBUG -      Exiting _get_cookie_and_crumb_basic()
2024-10-10 12:12:03,449 - DEBUG -     Exiting _get_cookie_and_crumb()
2024-10-10 12:12:03,561 - DEBUG - https://query2.finance.yahoo.com:443 "GET /v8/finance/chart/1219.TW?period1=1572451200&period2=1730304000&interval=1d&includePrePost=False&events=div%2Csplits%2CcapitalGains&crumb=Ejo3F9A.gdh HTTP/1.1" 200 None
2024-10-10 12:12:03,569 - DEBUG - response code=200
2024-10-10 12:12:03,569 - DEBUG -    Exiting get()
2024-10-10 12:12:03,576 - DEBUG - 1219.TW: yfinance received OHLC data: 2019-10-31 01:00:00 -> 2024-10-09 01:00:00
2024-10-10 12:12:03,578 - DEBUG - 1219.TW: OHLC after cleaning: 2019-10-31 09:00:00+08:00 -> 2024-10-09 09:00:00+08:00
2024-10-10 12:12:03,597 - DEBUG - 1219.TW: OHLC after combining events: 2019-10-31 00:00:00+08:00 -> 2024-10-09 00:00:00+08:00
2024-10-10 12:12:03,601 - DEBUG - 1219.TW: yfinance returning OHLC: 2019-10-31 00:00:00+08:00 -> 2024-10-09 00:00:00+08:00
2024-10-10 12:12:03,602 - DEBUG -   Exiting history()
2024-10-10 12:12:03,602 - DEBUG -  Exiting history()
2024-10-10 12:12:03,602 - DEBUG - Exiting download()
2024-10-10 12:12:03,602 - DEBUG - 查詢股票的 開始日期: 2019-10-31, 結束: 2024-10-31
2024-10-10 12:12:03,604 - DEBUG -               5MA    10MA     60MA
Date                              
2024-10-08  17.31  17.040  17.4775
2024-10-09  17.28  17.045  17.4575
2024-10-10 12:12:03,614 - DEBUG - 查詢股票的 開始日期: 2019-10-31, 結束: 2024-10-31
2024-10-10 12:12:03,619 - DEBUG -               5MA    10MA
Date                     
2024-10-06  17.17  17.310
2024-10-13  17.20  17.235
2024-10-10 12:12:03,627 - DEBUG - 查詢股票的 開始日期: 2019-10-31, 結束: 2024-10-31
2024-10-10 12:12:03,627 - DEBUG - current 5MA value is 17.279999923706054, previous value is 17.309999847412108
2024-10-10 12:12:03,627 - DEBUG - 5MA 是向下趨勢的
2024-10-10 12:12:03,627 - DEBUG - 查詢股票的 開始日期: 2019-10-31, 結束: 2024-10-31
2024-10-10 12:12:03,627 - DEBUG - Entering download()
2024-10-10 12:12:03,628 - DEBUG - Disabling multithreading because DEBUG logging enabled
2024-10-10 12:12:03,628 - DEBUG -  Entering history()
2024-10-10 12:12:03,628 - DEBUG - ('SELECT "t1"."key", "t1"."value" FROM "_kv" AS "t1" WHERE ("t1"."key" = ?) LIMIT ? OFFSET ?', ['1220.TW', 1, 0])
2024-10-10 12:12:03,628 - DEBUG -   Entering history()
2024-10-10 12:12:03,629 - DEBUG - 1220.TW: Yahoo GET parameters: {'period1': '2019-10-31 00:00:00+08:00', 'period2': '2024-10-31 00:00:00+08:00', 'interval': '1d', 'includePrePost': False, 'events': 'div,splits,capitalGains'}
2024-10-10 12:12:03,629 - DEBUG -    Entering get()
2024-10-10 12:12:03,629 - DEBUG - url=https://query2.finance.yahoo.com/v8/finance/chart/1220.TW
2024-10-10 12:12:03,629 - DEBUG - params={'period1': 1572451200, 'period2': 1730304000, 'interval': '1d', 'includePrePost': False, 'events': 'div,splits,capitalGains'}
2024-10-10 12:12:03,629 - DEBUG -     Entering _get_cookie_and_crumb()
2024-10-10 12:12:03,629 - DEBUG - cookie_mode = 'basic'
2024-10-10 12:12:03,629 - DEBUG -      Entering _get_cookie_and_crumb_basic()
2024-10-10 12:12:03,629 - DEBUG - reusing cookie
2024-10-10 12:12:03,629 - DEBUG - reusing crumb
2024-10-10 12:12:03,629 - DEBUG -      Exiting _get_cookie_and_crumb_basic()
2024-10-10 12:12:03,629 - DEBUG -     Exiting _get_cookie_and_crumb()
2024-10-10 12:12:03,744 - DEBUG - https://query2.finance.yahoo.com:443 "GET /v8/finance/chart/1220.TW?period1=1572451200&period2=1730304000&interval=1d&includePrePost=False&events=div%2Csplits%2CcapitalGains&crumb=Ejo3F9A.gdh HTTP/1.1" 200 None
2024-10-10 12:12:03,750 - DEBUG - response code=200
2024-10-10 12:12:03,751 - DEBUG -    Exiting get()
2024-10-10 12:12:03,759 - DEBUG - 1220.TW: yfinance received OHLC data: 2019-10-31 01:00:00 -> 2024-10-09 01:00:00
2024-10-10 12:12:03,761 - DEBUG - 1220.TW: OHLC after cleaning: 2019-10-31 09:00:00+08:00 -> 2024-10-09 09:00:00+08:00
2024-10-10 12:12:03,774 - DEBUG - 1220.TW: OHLC after combining events: 2019-10-31 00:00:00+08:00 -> 2024-10-09 00:00:00+08:00
2024-10-10 12:12:03,779 - DEBUG - 1220.TW: yfinance returning OHLC: 2019-10-31 00:00:00+08:00 -> 2024-10-09 00:00:00+08:00
2024-10-10 12:12:03,779 - DEBUG -   Exiting history()
2024-10-10 12:12:03,779 - DEBUG -  Exiting history()
2024-10-10 12:12:03,779 - DEBUG - Exiting download()
2024-10-10 12:12:03,780 - DEBUG - 查詢股票的 開始日期: 2019-10-31, 結束: 2024-10-31
2024-10-10 12:12:03,782 - DEBUG -               5MA    10MA       60MA
Date                                
2024-10-08  16.48  16.230  15.990875
2024-10-09  16.44  16.205  16.004188
2024-10-10 12:12:03,794 - DEBUG - 查詢股票的 開始日期: 2019-10-31, 結束: 2024-10-31
2024-10-10 12:12:03,798 - DEBUG -               5MA    10MA
Date                     
2024-10-06  16.40  16.180
2024-10-13  16.38  16.265
2024-10-10 12:12:03,807 - DEBUG - 查詢股票的 開始日期: 2019-10-31, 結束: 2024-10-31
2024-10-10 12:12:03,808 - DEBUG - current 5MA value is 16.439999771118163, previous value is 16.479999923706053
2024-10-10 12:12:03,808 - DEBUG - 5MA 是向下趨勢的
2024-10-10 12:12:03,808 - DEBUG - 查詢股票的 開始日期: 2019-10-31, 結束: 2024-10-31
2024-10-10 12:12:03,808 - DEBUG - Entering download()
2024-10-10 12:12:03,808 - DEBUG - Disabling multithreading because DEBUG logging enabled
2024-10-10 12:12:03,808 - DEBUG -  Entering history()
2024-10-10 12:12:03,809 - DEBUG - ('SELECT "t1"."key", "t1"."value" FROM "_kv" AS "t1" WHERE ("t1"."key" = ?) LIMIT ? OFFSET ?', ['1225.TW', 1, 0])
2024-10-10 12:12:03,809 - DEBUG -   Entering history()
2024-10-10 12:12:03,809 - DEBUG - 1225.TW: Yahoo GET parameters: {'period1': '2019-10-31 00:00:00+08:00', 'period2': '2024-10-31 00:00:00+08:00', 'interval': '1d', 'includePrePost': False, 'events': 'div,splits,capitalGains'}
2024-10-10 12:12:03,809 - DEBUG -    Entering get()
2024-10-10 12:12:03,810 - DEBUG - url=https://query2.finance.yahoo.com/v8/finance/chart/1225.TW
2024-10-10 12:12:03,810 - DEBUG - params={'period1': 1572451200, 'period2': 1730304000, 'interval': '1d', 'includePrePost': False, 'events': 'div,splits,capitalGains'}
2024-10-10 12:12:03,810 - DEBUG -     Entering _get_cookie_and_crumb()
2024-10-10 12:12:03,810 - DEBUG - cookie_mode = 'basic'
2024-10-10 12:12:03,810 - DEBUG -      Entering _get_cookie_and_crumb_basic()
2024-10-10 12:12:03,810 - DEBUG - reusing cookie
2024-10-10 12:12:03,810 - DEBUG - reusing crumb
2024-10-10 12:12:03,810 - DEBUG -      Exiting _get_cookie_and_crumb_basic()
2024-10-10 12:12:03,810 - DEBUG -     Exiting _get_cookie_and_crumb()
2024-10-10 12:12:03,922 - DEBUG - https://query2.finance.yahoo.com:443 "GET /v8/finance/chart/1225.TW?period1=1572451200&period2=1730304000&interval=1d&includePrePost=False&events=div%2Csplits%2CcapitalGains&crumb=Ejo3F9A.gdh HTTP/1.1" 200 None
2024-10-10 12:12:03,930 - DEBUG - response code=200
2024-10-10 12:12:03,930 - DEBUG -    Exiting get()
2024-10-10 12:12:03,935 - DEBUG - 1225.TW: yfinance received OHLC data: 2019-10-31 01:00:00 -> 2024-10-09 01:00:00
2024-10-10 12:12:03,937 - DEBUG - 1225.TW: OHLC after cleaning: 2019-10-31 09:00:00+08:00 -> 2024-10-09 09:00:00+08:00
2024-10-10 12:12:03,952 - DEBUG - 1225.TW: OHLC after combining events: 2019-10-31 00:00:00+08:00 -> 2024-10-09 00:00:00+08:00
2024-10-10 12:12:03,956 - DEBUG - 1225.TW: yfinance returning OHLC: 2019-10-31 00:00:00+08:00 -> 2024-10-09 00:00:00+08:00
2024-10-10 12:12:03,956 - DEBUG -   Exiting history()
2024-10-10 12:12:03,956 - DEBUG -  Exiting history()
2024-10-10 12:12:03,956 - DEBUG - Exiting download()
2024-10-10 12:12:03,956 - DEBUG - 查詢股票的 開始日期: 2019-10-31, 結束: 2024-10-31
2024-10-10 12:12:03,958 - DEBUG -               5MA    10MA        60MA
Date                                 
2024-10-08  128.2  135.75  147.396956
2024-10-09  123.2  131.95  147.091159
2024-10-10 12:12:03,968 - DEBUG - 查詢股票的 開始日期: 2019-10-31, 結束: 2024-10-31
2024-10-10 12:12:03,972 - DEBUG -               5MA        10MA
Date                         
2024-10-06  153.3  153.168695
2024-10-13  143.9  151.036522
2024-10-10 12:12:03,978 - DEBUG - 查詢股票的 開始日期: 2019-10-31, 結束: 2024-10-31
2024-10-10 12:12:03,979 - DEBUG - current 5MA value is 123.2, previous value is 128.2
2024-10-10 12:12:03,979 - DEBUG - 5MA 是向下趨勢的
2024-10-10 12:12:03,979 - DEBUG - 查詢股票的 開始日期: 2019-10-31, 結束: 2024-10-31
2024-10-10 12:12:03,979 - DEBUG - Entering download()
2024-10-10 12:12:03,979 - DEBUG - Disabling multithreading because DEBUG logging enabled
2024-10-10 12:12:03,980 - DEBUG -  Entering history()
2024-10-10 12:12:03,980 - DEBUG - ('SELECT "t1"."key", "t1"."value" FROM "_kv" AS "t1" WHERE ("t1"."key" = ?) LIMIT ? OFFSET ?', ['1227.TW', 1, 0])
2024-10-10 12:12:03,980 - DEBUG -   Entering history()
2024-10-10 12:12:03,981 - DEBUG - 1227.TW: Yahoo GET parameters: {'period1': '2019-10-31 00:00:00+08:00', 'period2': '2024-10-31 00:00:00+08:00', 'interval': '1d', 'includePrePost': False, 'events': 'div,splits,capitalGains'}
2024-10-10 12:12:03,981 - DEBUG -    Entering get()
2024-10-10 12:12:03,981 - DEBUG - url=https://query2.finance.yahoo.com/v8/finance/chart/1227.TW
2024-10-10 12:12:03,981 - DEBUG - params={'period1': 1572451200, 'period2': 1730304000, 'interval': '1d', 'includePrePost': False, 'events': 'div,splits,capitalGains'}
2024-10-10 12:12:03,981 - DEBUG -     Entering _get_cookie_and_crumb()
2024-10-10 12:12:03,984 - DEBUG - cookie_mode = 'basic'
2024-10-10 12:12:03,984 - DEBUG -      Entering _get_cookie_and_crumb_basic()
2024-10-10 12:12:03,984 - DEBUG - reusing cookie
2024-10-10 12:12:03,984 - DEBUG - reusing crumb
2024-10-10 12:12:03,984 - DEBUG -      Exiting _get_cookie_and_crumb_basic()
2024-10-10 12:12:03,984 - DEBUG -     Exiting _get_cookie_and_crumb()
2024-10-10 12:12:04,085 - DEBUG - https://query2.finance.yahoo.com:443 "GET /v8/finance/chart/1227.TW?period1=1572451200&period2=1730304000&interval=1d&includePrePost=False&events=div%2Csplits%2CcapitalGains&crumb=Ejo3F9A.gdh HTTP/1.1" 200 None
2024-10-10 12:12:04,091 - DEBUG - response code=200
2024-10-10 12:12:04,091 - DEBUG -    Exiting get()
2024-10-10 12:12:04,097 - DEBUG - 1227.TW: yfinance received OHLC data: 2019-10-31 01:00:00 -> 2024-10-09 01:00:00
2024-10-10 12:12:04,098 - DEBUG - 1227.TW: OHLC after cleaning: 2019-10-31 09:00:00+08:00 -> 2024-10-09 09:00:00+08:00
2024-10-10 12:12:04,108 - DEBUG - 1227.TW: OHLC after combining events: 2019-10-31 00:00:00+08:00 -> 2024-10-09 00:00:00+08:00
2024-10-10 12:12:04,111 - DEBUG - 1227.TW: yfinance returning OHLC: 2019-10-31 00:00:00+08:00 -> 2024-10-09 00:00:00+08:00
2024-10-10 12:12:04,111 - DEBUG -   Exiting history()
2024-10-10 12:12:04,111 - DEBUG -  Exiting history()
2024-10-10 12:12:04,112 - DEBUG - Exiting download()
2024-10-10 12:12:04,112 - DEBUG - 查詢股票的 開始日期: 2019-10-31, 結束: 2024-10-31
2024-10-10 12:12:04,114 - DEBUG -               5MA    10MA       60MA
Date                                
2024-10-08  39.15  38.765  38.853538
2024-10-09  38.94  38.740  38.830358
2024-10-10 12:12:04,124 - DEBUG - 查詢股票的 開始日期: 2019-10-31, 結束: 2024-10-31
2024-10-10 12:12:04,128 - DEBUG -               5MA   10MA
Date                    
2024-10-06  38.73  38.75
2024-10-13  38.74  38.62
2024-10-10 12:12:04,135 - DEBUG - 查詢股票的 開始日期: 2019-10-31, 結束: 2024-10-31
2024-10-10 12:12:04,136 - DEBUG - current 5MA value is 38.94000015258789, previous value is 39.15
2024-10-10 12:12:04,136 - DEBUG - 5MA 是向下趨勢的
2024-10-10 12:12:04,136 - DEBUG - 查詢股票的 開始日期: 2019-10-31, 結束: 2024-10-31
2024-10-10 12:12:04,136 - DEBUG - Entering download()
2024-10-10 12:12:04,136 - DEBUG - Disabling multithreading because DEBUG logging enabled
2024-10-10 12:12:04,136 - DEBUG -  Entering history()
2024-10-10 12:12:04,137 - DEBUG - ('SELECT "t1"."key", "t1"."value" FROM "_kv" AS "t1" WHERE ("t1"."key" = ?) LIMIT ? OFFSET ?', ['1229.TW', 1, 0])
2024-10-10 12:12:04,137 - DEBUG -   Entering history()
2024-10-10 12:12:04,137 - DEBUG - 1229.TW: Yahoo GET parameters: {'period1': '2019-10-31 00:00:00+08:00', 'period2': '2024-10-31 00:00:00+08:00', 'interval': '1d', 'includePrePost': False, 'events': 'div,splits,capitalGains'}
2024-10-10 12:12:04,137 - DEBUG -    Entering get()
2024-10-10 12:12:04,137 - DEBUG - url=https://query2.finance.yahoo.com/v8/finance/chart/1229.TW
2024-10-10 12:12:04,137 - DEBUG - params={'period1': 1572451200, 'period2': 1730304000, 'interval': '1d', 'includePrePost': False, 'events': 'div,splits,capitalGains'}
2024-10-10 12:12:04,137 - DEBUG -     Entering _get_cookie_and_crumb()
2024-10-10 12:12:04,138 - DEBUG - cookie_mode = 'basic'
2024-10-10 12:12:04,138 - DEBUG -      Entering _get_cookie_and_crumb_basic()
2024-10-10 12:12:04,138 - DEBUG - reusing cookie
2024-10-10 12:12:04,138 - DEBUG - reusing crumb
2024-10-10 12:12:04,138 - DEBUG -      Exiting _get_cookie_and_crumb_basic()
2024-10-10 12:12:04,138 - DEBUG -     Exiting _get_cookie_and_crumb()
2024-10-10 12:12:04,263 - DEBUG - https://query2.finance.yahoo.com:443 "GET /v8/finance/chart/1229.TW?period1=1572451200&period2=1730304000&interval=1d&includePrePost=False&events=div%2Csplits%2CcapitalGains&crumb=Ejo3F9A.gdh HTTP/1.1" 200 None
2024-10-10 12:12:04,316 - DEBUG - response code=200
2024-10-10 12:12:04,316 - DEBUG -    Exiting get()
2024-10-10 12:12:04,326 - DEBUG - 1229.TW: yfinance received OHLC data: 2019-10-31 01:00:00 -> 2024-10-09 01:00:00
2024-10-10 12:12:04,328 - DEBUG - 1229.TW: OHLC after cleaning: 2019-10-31 09:00:00+08:00 -> 2024-10-09 09:00:00+08:00
2024-10-10 12:12:04,352 - DEBUG - 1229.TW: OHLC after combining events: 2019-10-31 00:00:00+08:00 -> 2024-10-09 00:00:00+08:00
2024-10-10 12:12:04,357 - DEBUG - 1229.TW: yfinance returning OHLC: 2019-10-31 00:00:00+08:00 -> 2024-10-09 00:00:00+08:00
2024-10-10 12:12:04,357 - DEBUG -   Exiting history()
2024-10-10 12:12:04,357 - DEBUG -  Exiting history()
2024-10-10 12:12:04,357 - DEBUG - Exiting download()
2024-10-10 12:12:04,358 - DEBUG - 查詢股票的 開始日期: 2019-10-31, 結束: 2024-10-31
2024-10-10 12:12:04,360 - DEBUG -                   5MA   10MA       60MA
Date                                   
2024-10-08  61.460001  61.13  61.932750
2024-10-09  61.280000  61.10  61.878243
2024-10-10 12:12:04,371 - DEBUG - 查詢股票的 開始日期: 2019-10-31, 結束: 2024-10-31
2024-10-10 12:12:04,376 - DEBUG -               5MA   10MA
Date                    
2024-10-06  61.06  61.57
2024-10-13  61.20  61.44
2024-10-10 12:12:04,385 - DEBUG - 查詢股票的 開始日期: 2019-10-31, 結束: 2024-10-31
2024-10-10 12:12:04,386 - DEBUG - current 5MA value is 61.28000030517578, previous value is 61.460000610351564
2024-10-10 12:12:04,386 - DEBUG - 5MA 是向下趨勢的
2024-10-10 12:12:04,386 - DEBUG - 查詢股票的 開始日期: 2019-10-31, 結束: 2024-10-31
2024-10-10 12:12:04,386 - DEBUG - Entering download()
2024-10-10 12:12:04,386 - DEBUG - Disabling multithreading because DEBUG logging enabled
2024-10-10 12:12:04,386 - DEBUG -  Entering history()
2024-10-10 12:12:04,387 - DEBUG - ('SELECT "t1"."key", "t1"."value" FROM "_kv" AS "t1" WHERE ("t1"."key" = ?) LIMIT ? OFFSET ?', ['1231.TW', 1, 0])
2024-10-10 12:12:04,387 - DEBUG -   Entering history()
2024-10-10 12:12:04,387 - DEBUG - 1231.TW: Yahoo GET parameters: {'period1': '2019-10-31 00:00:00+08:00', 'period2': '2024-10-31 00:00:00+08:00', 'interval': '1d', 'includePrePost': False, 'events': 'div,splits,capitalGains'}
2024-10-10 12:12:04,387 - DEBUG -    Entering get()
2024-10-10 12:12:04,387 - DEBUG - url=https://query2.finance.yahoo.com/v8/finance/chart/1231.TW
2024-10-10 12:12:04,388 - DEBUG - params={'period1': 1572451200, 'period2': 1730304000, 'interval': '1d', 'includePrePost': False, 'events': 'div,splits,capitalGains'}
2024-10-10 12:12:04,388 - DEBUG -     Entering _get_cookie_and_crumb()
2024-10-10 12:12:04,388 - DEBUG - cookie_mode = 'basic'
2024-10-10 12:12:04,388 - DEBUG -      Entering _get_cookie_and_crumb_basic()
2024-10-10 12:12:04,388 - DEBUG - reusing cookie
2024-10-10 12:12:04,388 - DEBUG - reusing crumb
2024-10-10 12:12:04,388 - DEBUG -      Exiting _get_cookie_and_crumb_basic()
2024-10-10 12:12:04,388 - DEBUG -     Exiting _get_cookie_and_crumb()
2024-10-10 12:12:04,494 - DEBUG - https://query2.finance.yahoo.com:443 "GET /v8/finance/chart/1231.TW?period1=1572451200&period2=1730304000&interval=1d&includePrePost=False&events=div%2Csplits%2CcapitalGains&crumb=Ejo3F9A.gdh HTTP/1.1" 200 None
2024-10-10 12:12:04,546 - DEBUG - response code=200
2024-10-10 12:12:04,546 - DEBUG -    Exiting get()
2024-10-10 12:12:04,550 - DEBUG - 1231.TW: yfinance received OHLC data: 2019-10-31 01:00:00 -> 2024-10-09 01:00:00
2024-10-10 12:12:04,551 - DEBUG - 1231.TW: OHLC after cleaning: 2019-10-31 09:00:00+08:00 -> 2024-10-09 09:00:00+08:00
2024-10-10 12:12:04,563 - DEBUG - 1231.TW: OHLC after combining events: 2019-10-31 00:00:00+08:00 -> 2024-10-09 00:00:00+08:00
2024-10-10 12:12:04,566 - DEBUG - 1231.TW: yfinance returning OHLC: 2019-10-31 00:00:00+08:00 -> 2024-10-09 00:00:00+08:00
2024-10-10 12:12:04,566 - DEBUG -   Exiting history()
2024-10-10 12:12:04,567 - DEBUG -  Exiting history()
2024-10-10 12:12:04,567 - DEBUG - Exiting download()
2024-10-10 12:12:04,567 - DEBUG - 查詢股票的 開始日期: 2019-10-31, 結束: 2024-10-31
2024-10-10 12:12:04,569 - DEBUG -               5MA    10MA        60MA
Date                                 
2024-10-08  110.0  108.80  106.412537
2024-10-09  110.9  109.25  106.518976
2024-10-10 12:12:04,578 - DEBUG - 查詢股票的 開始日期: 2019-10-31, 結束: 2024-10-31
2024-10-10 12:12:04,582 - DEBUG -               5MA        10MA
Date                         
2024-10-06  107.4  107.371819
2024-10-13  109.0  108.100000
2024-10-10 12:12:04,590 - DEBUG - 查詢股票的 開始日期: 2019-10-31, 結束: 2024-10-31
2024-10-10 12:12:04,591 - DEBUG - current 5MA value is 110.9, previous value is 110.0
2024-10-10 12:12:04,591 - DEBUG - 5MA 是向上趨勢的 通過
2024-10-10 12:12:04,591 - DEBUG - 查詢股票的 開始日期: 2019-10-31, 結束: 2024-10-31
2024-10-10 12:12:04,591 - DEBUG - current 10MA value is 109.25, previous value is 108.8
2024-10-10 12:12:04,591 - DEBUG - 10MA 是向上趨勢的 通過
2024-10-10 12:12:04,591 - DEBUG - 查詢股票的 開始日期: 2019-10-31, 結束: 2024-10-31
2024-10-10 12:12:04,592 - DEBUG - current 60MA value is 106.51897621154785, previous value is 106.41253712972005
2024-10-10 12:12:04,592 - DEBUG - 60MA 是向上趨勢的 通過
2024-10-10 12:12:04,592 - DEBUG - 查詢股票的 開始日期: 2019-10-31, 結束: 2024-10-31
2024-10-10 12:12:04,593 - DEBUG - current 5MA value is 109.0, previous value is 107.4
2024-10-10 12:12:04,593 - DEBUG - 5MA 是向上趨勢的 通過
2024-10-10 12:12:04,593 - DEBUG - 查詢股票的 開始日期: 2019-10-31, 結束: 2024-10-31
2024-10-10 12:12:04,593 - DEBUG - current 10MA value is 108.1, previous value is 107.37181854248047
2024-10-10 12:12:04,593 - DEBUG - 10MA 是向上趨勢的 通過
2024-10-10 12:12:04,593 - DEBUG - 查詢股票的 開始日期: 2019-10-31, 結束: 2024-10-31
2024-10-10 12:12:04,594 - DEBUG - 5ma在 10ma的0.05%範圍內 通過
2024-10-10 12:12:04,594 - DEBUG - 查詢股票的 開始日期: 2019-10-31, 結束: 2024-10-31
2024-10-10 12:12:04,594 - DEBUG - 5ma在 10ma的0.05%範圍內 通過
2024-10-10 12:12:04,595 - DEBUG - 查詢股票的 開始日期: 2019-10-31, 結束: 2024-10-31
2024-10-10 12:12:04,595 - DEBUG - 查詢股票的 開始日期: 2019-10-31, 結束: 2024-10-31
2024-10-10 12:12:04,596 - DEBUG -               5MA    10MA        60MA
Date                                 
2024-10-08  110.0  108.80  106.412537
2024-10-09  110.9  109.25  106.518976
2024-10-10 12:12:04,606 - DEBUG - 收盤價不在5ma附近
2024-10-10 12:12:04,606 - DEBUG - 查詢股票的 開始日期: 2019-10-31, 結束: 2024-10-31
2024-10-10 12:12:04,606 - DEBUG - Entering download()
2024-10-10 12:12:04,607 - DEBUG - Disabling multithreading because DEBUG logging enabled
2024-10-10 12:12:04,607 - DEBUG -  Entering history()
2024-10-10 12:12:04,607 - DEBUG - ('SELECT "t1"."key", "t1"."value" FROM "_kv" AS "t1" WHERE ("t1"."key" = ?) LIMIT ? OFFSET ?', ['1232.TW', 1, 0])
2024-10-10 12:12:04,607 - DEBUG -   Entering history()
2024-10-10 12:12:04,608 - DEBUG - 1232.TW: Yahoo GET parameters: {'period1': '2019-10-31 00:00:00+08:00', 'period2': '2024-10-31 00:00:00+08:00', 'interval': '1d', 'includePrePost': False, 'events': 'div,splits,capitalGains'}
2024-10-10 12:12:04,608 - DEBUG -    Entering get()
2024-10-10 12:12:04,608 - DEBUG - url=https://query2.finance.yahoo.com/v8/finance/chart/1232.TW
2024-10-10 12:12:04,608 - DEBUG - params={'period1': 1572451200, 'period2': 1730304000, 'interval': '1d', 'includePrePost': False, 'events': 'div,splits,capitalGains'}
2024-10-10 12:12:04,608 - DEBUG -     Entering _get_cookie_and_crumb()
2024-10-10 12:12:04,608 - DEBUG - cookie_mode = 'basic'
2024-10-10 12:12:04,608 - DEBUG -      Entering _get_cookie_and_crumb_basic()
2024-10-10 12:12:04,608 - DEBUG - reusing cookie
2024-10-10 12:12:04,608 - DEBUG - reusing crumb
2024-10-10 12:12:04,608 - DEBUG -      Exiting _get_cookie_and_crumb_basic()
2024-10-10 12:12:04,608 - DEBUG -     Exiting _get_cookie_and_crumb()
2024-10-10 12:12:04,720 - DEBUG - https://query2.finance.yahoo.com:443 "GET /v8/finance/chart/1232.TW?period1=1572451200&period2=1730304000&interval=1d&includePrePost=False&events=div%2Csplits%2CcapitalGains&crumb=Ejo3F9A.gdh HTTP/1.1" 200 None
2024-10-10 12:12:04,725 - DEBUG - response code=200
2024-10-10 12:12:04,725 - DEBUG -    Exiting get()
2024-10-10 12:12:04,731 - DEBUG - 1232.TW: yfinance received OHLC data: 2019-10-31 01:00:00 -> 2024-10-09 01:00:00
2024-10-10 12:12:04,733 - DEBUG - 1232.TW: OHLC after cleaning: 2019-10-31 09:00:00+08:00 -> 2024-10-09 09:00:00+08:00
2024-10-10 12:12:04,745 - DEBUG - 1232.TW: OHLC after combining events: 2019-10-31 00:00:00+08:00 -> 2024-10-09 00:00:00+08:00
2024-10-10 12:12:04,749 - DEBUG - 1232.TW: yfinance returning OHLC: 2019-10-31 00:00:00+08:00 -> 2024-10-09 00:00:00+08:00
2024-10-10 12:12:04,749 - DEBUG -   Exiting history()
2024-10-10 12:12:04,749 - DEBUG -  Exiting history()
2024-10-10 12:12:04,749 - DEBUG - Exiting download()
2024-10-10 12:12:04,750 - DEBUG - 查詢股票的 開始日期: 2019-10-31, 結束: 2024-10-31
2024-10-10 12:12:04,752 - DEBUG -               5MA    10MA        60MA
Date                                 
2024-10-08  150.3  149.25  145.333707
2024-10-09  150.9  149.70  145.518707
2024-10-10 12:12:04,763 - DEBUG - 查詢股票的 開始日期: 2019-10-31, 結束: 2024-10-31
2024-10-10 12:12:04,768 - DEBUG -               5MA    10MA
Date                     
2024-10-06  147.1  146.30
2024-10-13  148.5  147.15
2024-10-10 12:12:04,776 - DEBUG - 查詢股票的 開始日期: 2019-10-31, 結束: 2024-10-31
2024-10-10 12:12:04,777 - DEBUG - current 5MA value is 150.9, previous value is 150.3
2024-10-10 12:12:04,777 - DEBUG - 5MA 是向上趨勢的 通過
2024-10-10 12:12:04,777 - DEBUG - 查詢股票的 開始日期: 2019-10-31, 結束: 2024-10-31
2024-10-10 12:12:04,777 - DEBUG - current 10MA value is 149.7, previous value is 149.24999999999997
2024-10-10 12:12:04,777 - DEBUG - 10MA 是向上趨勢的 通過
2024-10-10 12:12:04,778 - DEBUG - 查詢股票的 開始日期: 2019-10-31, 結束: 2024-10-31
2024-10-10 12:12:04,778 - DEBUG - current 60MA value is 145.51870676676432, previous value is 145.3337069193522
2024-10-10 12:12:04,778 - DEBUG - 60MA 是向上趨勢的 通過
2024-10-10 12:12:04,778 - DEBUG - 查詢股票的 開始日期: 2019-10-31, 結束: 2024-10-31
2024-10-10 12:12:04,779 - DEBUG - current 5MA value is 148.5, previous value is 147.1
2024-10-10 12:12:04,779 - DEBUG - 5MA 是向上趨勢的 通過
2024-10-10 12:12:04,779 - DEBUG - 查詢股票的 開始日期: 2019-10-31, 結束: 2024-10-31
2024-10-10 12:12:04,779 - DEBUG - current 10MA value is 147.15, previous value is 146.3
2024-10-10 12:12:04,779 - DEBUG - 10MA 是向上趨勢的 通過
2024-10-10 12:12:04,780 - DEBUG - 查詢股票的 開始日期: 2019-10-31, 結束: 2024-10-31
2024-10-10 12:12:04,780 - DEBUG - 5ma在 10ma的0.05%範圍內 通過
2024-10-10 12:12:04,780 - DEBUG - 查詢股票的 開始日期: 2019-10-31, 結束: 2024-10-31
2024-10-10 12:12:04,781 - DEBUG - 5ma在 10ma的0.05%範圍內 通過
2024-10-10 12:12:04,781 - DEBUG - 查詢股票的 開始日期: 2019-10-31, 結束: 2024-10-31
2024-10-10 12:12:04,781 - DEBUG - 查詢股票的 開始日期: 2019-10-31, 結束: 2024-10-31
2024-10-10 12:12:04,782 - DEBUG -               5MA    10MA        60MA
Date                                 
2024-10-08  150.3  149.25  145.333707
2024-10-09  150.9  149.70  145.518707
2024-10-10 12:12:04,791 - DEBUG - 收盤價不在5ma附近
2024-10-10 12:12:04,792 - DEBUG - 查詢股票的 開始日期: 2019-10-31, 結束: 2024-10-31
2024-10-10 12:12:04,792 - DEBUG - Entering download()
2024-10-10 12:12:04,792 - DEBUG - Disabling multithreading because DEBUG logging enabled
2024-10-10 12:12:04,792 - DEBUG -  Entering history()
2024-10-10 12:12:04,792 - DEBUG - ('SELECT "t1"."key", "t1"."value" FROM "_kv" AS "t1" WHERE ("t1"."key" = ?) LIMIT ? OFFSET ?', ['1233.TW', 1, 0])
2024-10-10 12:12:04,793 - DEBUG -   Entering history()
2024-10-10 12:12:04,793 - DEBUG - 1233.TW: Yahoo GET parameters: {'period1': '2019-10-31 00:00:00+08:00', 'period2': '2024-10-31 00:00:00+08:00', 'interval': '1d', 'includePrePost': False, 'events': 'div,splits,capitalGains'}
2024-10-10 12:12:04,793 - DEBUG -    Entering get()
2024-10-10 12:12:04,793 - DEBUG - url=https://query2.finance.yahoo.com/v8/finance/chart/1233.TW
2024-10-10 12:12:04,793 - DEBUG - params={'period1': 1572451200, 'period2': 1730304000, 'interval': '1d', 'includePrePost': False, 'events': 'div,splits,capitalGains'}
2024-10-10 12:12:04,793 - DEBUG -     Entering _get_cookie_and_crumb()
2024-10-10 12:12:04,793 - DEBUG - cookie_mode = 'basic'
2024-10-10 12:12:04,793 - DEBUG -      Entering _get_cookie_and_crumb_basic()
2024-10-10 12:12:04,793 - DEBUG - reusing cookie
2024-10-10 12:12:04,794 - DEBUG - reusing crumb
2024-10-10 12:12:04,794 - DEBUG -      Exiting _get_cookie_and_crumb_basic()
2024-10-10 12:12:04,794 - DEBUG -     Exiting _get_cookie_and_crumb()
